This is XeTeX, Version 3.14159265-2.6-0.999991 (TeX Live 2019/Debian) (preloaded format=xelatex 2021.10.30)  30 OCT 2021 21:08
entering extended mode
 \write18 enabled.
 %&-line parsing enabled.
**main.tex
(./main.tex
LaTeX2e <2020-02-02> patch level 2
L3 programming layer <2020-02-14>
(/usr/share/texlive/texmf-dist/tex/latex/base/article.cls
Document Class: article 2019/12/20 v1.4l Standard LaTeX document class
(/usr/share/texlive/texmf-dist/tex/latex/base/size12.clo
File: size12.clo 2019/12/20 v1.4l Standard LaTeX file (size option)
)
\c@part=\count163
\c@section=\count164
\c@subsection=\count165
\c@subsubsection=\count166
\c@paragraph=\count167
\c@subparagraph=\count168
\c@figure=\count169
\c@table=\count170
\abovecaptionskip=\skip47
\belowcaptionskip=\skip48
\bibindent=\dimen134
) (./vorlagen.tex
(/usr/share/texlive/texmf-dist/tex/generic/babel/babel.sty
Package: babel 2020/02/14 3.40 The Babel package

(/usr/share/texlive/texmf-dist/tex/generic/babel/switch.def
File: switch.def 2020/02/14 3.40 Babel switching mechanism
)
(/usr/share/texlive/texmf-dist/tex/generic/babel-german/ngerman.ldf
Language: ngerman 2018/12/08 v2.11 German support for babel (post-1996 orthogra
phy)

(/usr/share/texlive/texmf-dist/tex/generic/babel-german/ngermanb.ldf
Language: ngermanb 2018/12/08 v2.11 German support for babel (post-1996 orthogr
aphy)

(/usr/share/texlive/texmf-dist/tex/generic/babel/babel.def
File: babel.def 2020/02/14 3.40 Babel common definitions
\babel@savecnt=\count171
\U@D=\dimen135

(/usr/share/texlive/texmf-dist/tex/generic/babel/xebabel.def
(/usr/share/texlive/texmf-dist/tex/generic/babel/txtbabel.def))
\bbl@readstream=\read2
\bbl@dirlevel=\count172
)
Package babel Info: Making " an active character on input line 121.
)))
(/usr/share/texlive/texmf-dist/tex/latex/acronym/acronym.sty
Package: acronym 2019/11/11 v1.42 Support for acronyms (Tobias Oetiker)

(/usr/share/texlive/texmf-dist/tex/latex/bigfoot/suffix.sty
Package: suffix 2006/07/15 1.5a Variant command support
)
(/usr/share/texlive/texmf-dist/tex/generic/xstring/xstring.sty
(/usr/share/texlive/texmf-dist/tex/generic/xstring/xstring.tex
\integerpart=\count173
Invalid UTF-8 byte or sequence at line 35 replaced by U+FFFD.
\decimalpart=\count174
Invalid UTF-8 byte or sequence at line 79 replaced by U+FFFD.
Invalid UTF-8 byte or sequence at line 79 replaced by U+FFFD.
Invalid UTF-8 byte or sequence at line 83 replaced by U+FFFD.
Invalid UTF-8 byte or sequence at line 86 replaced by U+FFFD.
Invalid UTF-8 byte or sequence at line 102 replaced by U+FFFD.
Invalid UTF-8 byte or sequence at line 114 replaced by U+FFFD.
Invalid UTF-8 byte or sequence at line 120 replaced by U+FFFD.
Invalid UTF-8 byte or sequence at line 125 replaced by U+FFFD.
Invalid UTF-8 byte or sequence at line 147 replaced by U+FFFD.
Invalid UTF-8 byte or sequence at line 147 replaced by U+FFFD.
Invalid UTF-8 byte or sequence at line 147 replaced by U+FFFD.
Invalid UTF-8 byte or sequence at line 182 replaced by U+FFFD.
Invalid UTF-8 byte or sequence at line 182 replaced by U+FFFD.
Invalid UTF-8 byte or sequence at line 182 replaced by U+FFFD.
Invalid UTF-8 byte or sequence at line 183 replaced by U+FFFD.
Invalid UTF-8 byte or sequence at line 184 replaced by U+FFFD.
Invalid UTF-8 byte or sequence at line 185 replaced by U+FFFD.
Invalid UTF-8 byte or sequence at line 185 replaced by U+FFFD.
Invalid UTF-8 byte or sequence at line 185 replaced by U+FFFD.
Invalid UTF-8 byte or sequence at line 189 replaced by U+FFFD.
Invalid UTF-8 byte or sequence at line 189 replaced by U+FFFD.
Invalid UTF-8 byte or sequence at line 190 replaced by U+FFFD.
Invalid UTF-8 byte or sequence at line 190 replaced by U+FFFD.
Invalid UTF-8 byte or sequence at line 193 replaced by U+FFFD.
Invalid UTF-8 byte or sequence at line 208 replaced by U+FFFD.
Invalid UTF-8 byte or sequence at line 208 replaced by U+FFFD.
Invalid UTF-8 byte or sequence at line 208 replaced by U+FFFD.
Invalid UTF-8 byte or sequence at line 208 replaced by U+FFFD.
Invalid UTF-8 byte or sequence at line 208 replaced by U+FFFD.
Invalid UTF-8 byte or sequence at line 208 replaced by U+FFFD.
Invalid UTF-8 byte or sequence at line 221 replaced by U+FFFD.
Invalid UTF-8 byte or sequence at line 221 replaced by U+FFFD.
Invalid UTF-8 byte or sequence at line 241 replaced by U+FFFD.
Invalid UTF-8 byte or sequence at line 241 replaced by U+FFFD.
Invalid UTF-8 byte or sequence at line 241 replaced by U+FFFD.
Invalid UTF-8 byte or sequence at line 241 replaced by U+FFFD.
Invalid UTF-8 byte or sequence at line 266 replaced by U+FFFD.
Invalid UTF-8 byte or sequence at line 284 replaced by U+FFFD.
Invalid UTF-8 byte or sequence at line 295 replaced by U+FFFD.
Invalid UTF-8 byte or sequence at line 300 replaced by U+FFFD.
Invalid UTF-8 byte or sequence at line 300 replaced by U+FFFD.
Invalid UTF-8 byte or sequence at line 301 replaced by U+FFFD.
Invalid UTF-8 byte or sequence at line 301 replaced by U+FFFD.
Invalid UTF-8 byte or sequence at line 301 replaced by U+FFFD.
Invalid UTF-8 byte or sequence at line 302 replaced by U+FFFD.
Invalid UTF-8 byte or sequence at line 303 replaced by U+FFFD.
Invalid UTF-8 byte or sequence at line 332 replaced by U+FFFD.
Invalid UTF-8 byte or sequence at line 332 replaced by U+FFFD.
Invalid UTF-8 byte or sequence at line 332 replaced by U+FFFD.
Invalid UTF-8 byte or sequence at line 332 replaced by U+FFFD.
Invalid UTF-8 byte or sequence at line 333 replaced by U+FFFD.
Invalid UTF-8 byte or sequence at line 334 replaced by U+FFFD.
Invalid UTF-8 byte or sequence at line 334 replaced by U+FFFD.
Invalid UTF-8 byte or sequence at line 334 replaced by U+FFFD.
Invalid UTF-8 byte or sequence at line 406 replaced by U+FFFD.
Invalid UTF-8 byte or sequence at line 406 replaced by U+FFFD.
Invalid UTF-8 byte or sequence at line 409 replaced by U+FFFD.
Invalid UTF-8 byte or sequence at line 410 replaced by U+FFFD.
Invalid UTF-8 byte or sequence at line 428 replaced by U+FFFD.
Invalid UTF-8 byte or sequence at line 434 replaced by U+FFFD.
Invalid UTF-8 byte or sequence at line 457 replaced by U+FFFD.
Invalid UTF-8 byte or sequence at line 457 replaced by U+FFFD.
Invalid UTF-8 byte or sequence at line 464 replaced by U+FFFD.
Invalid UTF-8 byte or sequence at line 464 replaced by U+FFFD.
Invalid UTF-8 byte or sequence at line 466 replaced by U+FFFD.
Invalid UTF-8 byte or sequence at line 466 replaced by U+FFFD.
Invalid UTF-8 byte or sequence at line 541 replaced by U+FFFD.
Invalid UTF-8 byte or sequence at line 541 replaced by U+FFFD.
Invalid UTF-8 byte or sequence at line 541 replaced by U+FFFD.
Invalid UTF-8 byte or sequence at line 586 replaced by U+FFFD.
Invalid UTF-8 byte or sequence at line 586 replaced by U+FFFD.
Invalid UTF-8 byte or sequence at line 588 replaced by U+FFFD.
Invalid UTF-8 byte or sequence at line 588 replaced by U+FFFD.
Invalid UTF-8 byte or sequence at line 595 replaced by U+FFFD.
Invalid UTF-8 byte or sequence at line 597 replaced by U+FFFD.
Invalid UTF-8 byte or sequence at line 599 replaced by U+FFFD.
Invalid UTF-8 byte or sequence at line 602 replaced by U+FFFD.
Invalid UTF-8 byte or sequence at line 605 replaced by U+FFFD.
Invalid UTF-8 byte or sequence at line 605 replaced by U+FFFD.
Invalid UTF-8 byte or sequence at line 610 replaced by U+FFFD.
Invalid UTF-8 byte or sequence at line 615 replaced by U+FFFD.
Invalid UTF-8 byte or sequence at line 632 replaced by U+FFFD.
Invalid UTF-8 byte or sequence at line 632 replaced by U+FFFD.
Invalid UTF-8 byte or sequence at line 633 replaced by U+FFFD.
Invalid UTF-8 byte or sequence at line 635 replaced by U+FFFD.
Invalid UTF-8 byte or sequence at line 637 replaced by U+FFFD.
Invalid UTF-8 byte or sequence at line 647 replaced by U+FFFD.
Invalid UTF-8 byte or sequence at line 653 replaced by U+FFFD.
Invalid UTF-8 byte or sequence at line 678 replaced by U+FFFD.
Invalid UTF-8 byte or sequence at line 700 replaced by U+FFFD.
Invalid UTF-8 byte or sequence at line 705 replaced by U+FFFD.
Invalid UTF-8 byte or sequence at line 715 replaced by U+FFFD.
Invalid UTF-8 byte or sequence at line 715 replaced by U+FFFD.
Invalid UTF-8 byte or sequence at line 715 replaced by U+FFFD.
Invalid UTF-8 byte or sequence at line 719 replaced by U+FFFD.
Invalid UTF-8 byte or sequence at line 732 replaced by U+FFFD.
Invalid UTF-8 byte or sequence at line 732 replaced by U+FFFD.
Invalid UTF-8 byte or sequence at line 741 replaced by U+FFFD.
Invalid UTF-8 byte or sequence at line 741 replaced by U+FFFD.
Invalid UTF-8 byte or sequence at line 742 replaced by U+FFFD.
Invalid UTF-8 byte or sequence at line 742 replaced by U+FFFD.
Invalid UTF-8 byte or sequence at line 762 replaced by U+FFFD.
Invalid UTF-8 byte or sequence at line 773 replaced by U+FFFD.
Invalid UTF-8 byte or sequence at line 773 replaced by U+FFFD.
Invalid UTF-8 byte or sequence at line 774 replaced by U+FFFD.
Invalid UTF-8 byte or sequence at line 774 replaced by U+FFFD.
Invalid UTF-8 byte or sequence at line 774 replaced by U+FFFD.
Invalid UTF-8 byte or sequence at line 797 replaced by U+FFFD.
Invalid UTF-8 byte or sequence at line 797 replaced by U+FFFD.
Invalid UTF-8 byte or sequence at line 810 replaced by U+FFFD.
Invalid UTF-8 byte or sequence at line 824 replaced by U+FFFD.
Invalid UTF-8 byte or sequence at line 824 replaced by U+FFFD.
Invalid UTF-8 byte or sequence at line 831 replaced by U+FFFD.
Invalid UTF-8 byte or sequence at line 838 replaced by U+FFFD.
Invalid UTF-8 byte or sequence at line 838 replaced by U+FFFD.
Invalid UTF-8 byte or sequence at line 846 replaced by U+FFFD.
Invalid UTF-8 byte or sequence at line 846 replaced by U+FFFD.
Invalid UTF-8 byte or sequence at line 861 replaced by U+FFFD.
Invalid UTF-8 byte or sequence at line 862 replaced by U+FFFD.
Invalid UTF-8 byte or sequence at line 864 replaced by U+FFFD.
Invalid UTF-8 byte or sequence at line 864 replaced by U+FFFD.
Invalid UTF-8 byte or sequence at line 908 replaced by U+FFFD.
Invalid UTF-8 byte or sequence at line 909 replaced by U+FFFD.
Invalid UTF-8 byte or sequence at line 909 replaced by U+FFFD.
Invalid UTF-8 byte or sequence at line 934 replaced by U+FFFD.
Invalid UTF-8 byte or sequence at line 934 replaced by U+FFFD.
Invalid UTF-8 byte or sequence at line 936 replaced by U+FFFD.
Invalid UTF-8 byte or sequence at line 936 replaced by U+FFFD.
Invalid UTF-8 byte or sequence at line 940 replaced by U+FFFD.
Invalid UTF-8 byte or sequence at line 940 replaced by U+FFFD.
Invalid UTF-8 byte or sequence at line 962 replaced by U+FFFD.
Invalid UTF-8 byte or sequence at line 962 replaced by U+FFFD.
Invalid UTF-8 byte or sequence at line 964 replaced by U+FFFD.
Invalid UTF-8 byte or sequence at line 965 replaced by U+FFFD.
Invalid UTF-8 byte or sequence at line 1006 replaced by U+FFFD.
)
Package: xstring 2019/02/06 v1.83 String manipulations (CT)
)
\AC@clearlist=\toks14
)
(/usr/share/texlive/texmf-dist/tex/latex/tools/enumerate.sty
Package: enumerate 2015/07/23 v3.00 enumerate extensions (DPC)
\@enLab=\toks15
)
(/usr/share/texlive/texmf-dist/tex/latex/a4wide/a4wide.sty
Package: a4wide 1994/08/30

(/usr/share/texlive/texmf-dist/tex/latex/ntgclass/a4.sty
Package: a4 2004/04/15 v1.2g A4 based page layout
))
(/usr/share/texlive/texmf-dist/tex/latex/fancyhdr/fancyhdr.sty
Package: fancyhdr 2019/01/31 v3.10 Extensive control of page headers and footer
s
\f@nch@headwidth=\skip49
\f@nch@O@elh=\skip50
\f@nch@O@erh=\skip51
\f@nch@O@olh=\skip52
\f@nch@O@orh=\skip53
\f@nch@O@elf=\skip54
\f@nch@O@erf=\skip55
\f@nch@O@olf=\skip56
\f@nch@O@orf=\skip57
)
(/usr/share/texlive/texmf-dist/tex/latex/graphics/graphicx.sty
Package: graphicx 2019/11/30 v1.2a Enhanced LaTeX Graphics (DPC,SPQR)

(/usr/share/texlive/texmf-dist/tex/latex/graphics/keyval.sty
Package: keyval 2014/10/28 v1.15 key=value parser (DPC)
\KV@toks@=\toks16
)
(/usr/share/texlive/texmf-dist/tex/latex/graphics/graphics.sty
Package: graphics 2019/11/30 v1.4a Standard LaTeX Graphics (DPC,SPQR)

(/usr/share/texlive/texmf-dist/tex/latex/graphics/trig.sty
Package: trig 2016/01/03 v1.10 sin cos tan (DPC)
)
(/usr/share/texlive/texmf-dist/tex/latex/graphics-cfg/graphics.cfg
File: graphics.cfg 2016/06/04 v1.11 sample graphics configuration
)
Package graphics Info: Driver file: xetex.def on input line 105.

(/usr/share/texlive/texmf-dist/tex/latex/graphics-def/xetex.def
File: xetex.def 2017/06/24 v5.0h Graphics/color driver for xetex
))
\Gin@req@height=\dimen136
\Gin@req@width=\dimen137
)
(/usr/share/texlive/texmf-dist/tex/latex/psnfss/palatino.sty
Package: palatino 2005/04/12 PSNFSS-v9.2a (SPQR) 
)
(/usr/share/texlive/texmf-dist/tex/latex/float/float.sty
Package: float 2001/11/08 v1.3d Float enhancements (AL)
\c@float@type=\count175
\float@exts=\toks17
\float@box=\box45
\@float@everytoks=\toks18
\@floatcapt=\box46
)
(/usr/share/texlive/texmf-dist/tex/latex/csquotes/csquotes.sty
Package: csquotes 2019-12-06 v5.2j context-sensitive quotations (JAW)

(/usr/share/texlive/texmf-dist/tex/latex/etoolbox/etoolbox.sty
Package: etoolbox 2019/09/21 v2.5h e-TeX tools for LaTeX (JAW)
\etb@tempcnta=\count176
)
\csq@reset=\count177
\csq@gtype=\count178
\csq@glevel=\count179
\csq@qlevel=\count180
\csq@maxlvl=\count181
\csq@tshold=\count182
\csq@ltx@everypar=\toks19

(/usr/share/texlive/texmf-dist/tex/latex/csquotes/csquotes.def
File: csquotes.def 2019-12-06 v5.2j csquotes generic definitions (JAW)
)
Package csquotes Info: Trying to load configuration file 'csquotes.cfg'...
Package csquotes Info: ... configuration file loaded successfully.

(/usr/share/texlive/texmf-dist/tex/latex/csquotes/csquotes.cfg
File: csquotes.cfg 
))
(/usr/share/texlive/texmf-dist/tex/latex/hyperref/hyperref.sty
Package: hyperref 2020/01/14 v7.00d Hypertext links for LaTeX

(/usr/share/texlive/texmf-dist/tex/generic/ltxcmds/ltxcmds.sty
Package: ltxcmds 2019/12/15 v1.24 LaTeX kernel commands for general use (HO)
)
(/usr/share/texlive/texmf-dist/tex/generic/iftex/iftex.sty
Package: iftex 2019/11/07 v1.0c TeX engine tests
)
(/usr/share/texlive/texmf-dist/tex/latex/pdftexcmds/pdftexcmds.sty
Package: pdftexcmds 2019/11/24 v0.31 Utility functions of pdfTeX for LuaTeX (HO
)

(/usr/share/texlive/texmf-dist/tex/generic/infwarerr/infwarerr.sty
Package: infwarerr 2019/12/03 v1.5 Providing info/warning/error messages (HO)
)
Package pdftexcmds Info: \pdf@primitive is available.
Package pdftexcmds Info: \pdf@ifprimitive is available.
Package pdftexcmds Info: \pdfdraftmode not found.
)
(/usr/share/texlive/texmf-dist/tex/generic/kvsetkeys/kvsetkeys.sty
Package: kvsetkeys 2019/12/15 v1.18 Key value parser (HO)
)
(/usr/share/texlive/texmf-dist/tex/generic/kvdefinekeys/kvdefinekeys.sty
Package: kvdefinekeys 2019-12-19 v1.6 Define keys (HO)
)
(/usr/share/texlive/texmf-dist/tex/generic/pdfescape/pdfescape.sty
Package: pdfescape 2019/12/09 v1.15 Implements pdfTeX's escape features (HO)
)
(/usr/share/texlive/texmf-dist/tex/latex/hycolor/hycolor.sty
Package: hycolor 2020-01-27 v1.10 Color options for hyperref/bookmark (HO)
)
(/usr/share/texlive/texmf-dist/tex/latex/letltxmacro/letltxmacro.sty
Package: letltxmacro 2019/12/03 v1.6 Let assignment for LaTeX macros (HO)
)
(/usr/share/texlive/texmf-dist/tex/latex/auxhook/auxhook.sty
Package: auxhook 2019-12-17 v1.6 Hooks for auxiliary files (HO)
)
(/usr/share/texlive/texmf-dist/tex/latex/kvoptions/kvoptions.sty
Package: kvoptions 2019/11/29 v3.13 Key value format for package options (HO)
)
\@linkdim=\dimen138
\Hy@linkcounter=\count183
\Hy@pagecounter=\count184

(/usr/share/texlive/texmf-dist/tex/latex/hyperref/pd1enc.def
File: pd1enc.def 2020/01/14 v7.00d Hyperref: PDFDocEncoding definition (HO)
)
(/usr/share/texlive/texmf-dist/tex/generic/intcalc/intcalc.sty
Package: intcalc 2019/12/15 v1.3 Expandable calculations with integers (HO)
)
(/usr/share/texlive/texmf-dist/tex/generic/etexcmds/etexcmds.sty
Package: etexcmds 2019/12/15 v1.7 Avoid name clashes with e-TeX commands (HO)
)
\Hy@SavedSpaceFactor=\count185
Package hyperref Info: Option `bookmarks' set `true' on input line 4421.
Package hyperref Info: Hyper figures OFF on input line 4547.
Package hyperref Info: Link nesting OFF on input line 4552.
Package hyperref Info: Hyper index ON on input line 4555.
Package hyperref Info: Plain pages OFF on input line 4562.
Package hyperref Info: Backreferencing OFF on input line 4567.
Package hyperref Info: Implicit mode ON; LaTeX internals redefined.
Package hyperref Info: Bookmarks ON on input line 4800.
\c@Hy@tempcnt=\count186

(/usr/share/texlive/texmf-dist/tex/latex/url/url.sty
\Urlmuskip=\muskip16
Package: url 2013/09/16  ver 3.4  Verb mode for urls, etc.
)
LaTeX Info: Redefining \url on input line 5159.
\XeTeXLinkMargin=\dimen139

(/usr/share/texlive/texmf-dist/tex/generic/bitset/bitset.sty
Package: bitset 2019/12/09 v1.3 Handle bit-vector datatype (HO)

(/usr/share/texlive/texmf-dist/tex/generic/bigintcalc/bigintcalc.sty
Package: bigintcalc 2019/12/15 v1.5 Expandable calculations on big integers (HO
)
))
\Fld@menulength=\count187
\Field@Width=\dimen140
\Fld@charsize=\dimen141
Package hyperref Info: Hyper figures OFF on input line 6430.
Package hyperref Info: Link nesting OFF on input line 6435.
Package hyperref Info: Hyper index ON on input line 6438.
Package hyperref Info: backreferencing OFF on input line 6445.
Package hyperref Info: Link coloring OFF on input line 6450.
Package hyperref Info: Link coloring with OCG OFF on input line 6455.
Package hyperref Info: PDF/A mode OFF on input line 6460.
LaTeX Info: Redefining \ref on input line 6500.
LaTeX Info: Redefining \pageref on input line 6504.

(/usr/share/texlive/texmf-dist/tex/generic/atbegshi/atbegshi.sty
Package: atbegshi 2019/12/05 v1.19 At begin shipout hook (HO)
)
\Hy@abspage=\count188
\c@Item=\count189
\c@Hfootnote=\count190
)
Package hyperref Info: Driver (autodetected): hxetex.

(/usr/share/texlive/texmf-dist/tex/latex/hyperref/hxetex.def
File: hxetex.def 2020/01/14 v7.00d Hyperref driver for XeTeX

(/usr/share/texlive/texmf-dist/tex/latex/hyperref/puenc.def
File: puenc.def 2020/01/14 v7.00d Hyperref: PDF Unicode definition (HO)
)
(/usr/share/texlive/texmf-dist/tex/generic/stringenc/stringenc.sty
Package: stringenc 2019/11/29 v1.12 Convert strings between diff. encodings (HO
)
)
\pdfm@box=\box47
\c@Hy@AnnotLevel=\count191
\HyField@AnnotCount=\count192
\Fld@listcount=\count193
\c@bookmark@seq@number=\count194

(/usr/share/texlive/texmf-dist/tex/latex/rerunfilecheck/rerunfilecheck.sty
Package: rerunfilecheck 2019/12/05 v1.9 Rerun checks for auxiliary files (HO)

(/usr/share/texlive/texmf-dist/tex/latex/atveryend/atveryend.sty
Package: atveryend 2019-12-11 v1.11 Hooks at the very end of document (HO)
)
(/usr/share/texlive/texmf-dist/tex/generic/uniquecounter/uniquecounter.sty
Package: uniquecounter 2019/12/15 v1.4 Provide unlimited unique counter (HO)
)
Package uniquecounter Info: New unique counter `rerunfilecheck' on input line 2
86.
)
\Hy@SectionHShift=\skip58
)
(/usr/share/texlive/texmf-dist/tex/generic/oberdiek/hyphsubst.sty
Package: hyphsubst 2016/05/16 v0.3 Substitute hyphenation patterns (HO)
Package hyphsubst Info: Redefined: \l@ngerman
(hyphsubst)             old value: 41
(hyphsubst)             new value: 72
(hyphsubst)             \language updated on input line 227.
)
(/usr/share/texlive/texmf-dist/tex/latex/biblatex/biblatex.sty
Package: biblatex 2019/12/01 v3.14 programmable bibliographies (PK/MW)

(/usr/share/texlive/texmf-dist/tex/latex/logreq/logreq.sty
Package: logreq 2010/08/04 v1.0 xml request logger
\lrq@indent=\count195

(/usr/share/texlive/texmf-dist/tex/latex/logreq/logreq.def
File: logreq.def 2010/08/04 v1.0 logreq spec v1.0
))
(/usr/share/texlive/texmf-dist/tex/latex/base/ifthen.sty
Package: ifthen 2014/09/29 v1.1c Standard LaTeX ifthen package (DPC)
)
\c@tabx@nest=\count196
\c@listtotal=\count197
\c@listcount=\count198
\c@liststart=\count199
\c@liststop=\count266
\c@citecount=\count267
\c@citetotal=\count268
\c@multicitecount=\count269
\c@multicitetotal=\count270
\c@instcount=\count271
\c@maxnames=\count272
\c@minnames=\count273
\c@maxitems=\count274
\c@minitems=\count275
\c@citecounter=\count276
\c@maxcitecounter=\count277
\c@savedcitecounter=\count278
\c@uniquelist=\count279
\c@uniquename=\count280
\c@refsection=\count281
\c@refsegment=\count282
\c@maxextratitle=\count283
\c@maxextratitleyear=\count284
\c@maxextraname=\count285
\c@maxextradate=\count286
\c@maxextraalpha=\count287
\c@abbrvpenalty=\count288
\c@highnamepenalty=\count289
\c@lownamepenalty=\count290
\c@maxparens=\count291
\c@parenlevel=\count292
\blx@tempcnta=\count293
\blx@tempcntb=\count294
\blx@tempcntc=\count295
\blx@maxsection=\count296
\blx@maxsegment@0=\count297
\blx@notetype=\count298
\blx@parenlevel@text=\count299
\blx@parenlevel@foot=\count300
\blx@sectionciteorder@0=\count301
\blx@entrysetcounter=\count302
\labelnumberwidth=\skip59
\labelalphawidth=\skip60
\biblabelsep=\skip61
\bibitemsep=\skip62
\bibnamesep=\skip63
\bibinitsep=\skip64
\bibparsep=\skip65
\bibhang=\skip66
\blx@bcfin=\read3
\blx@bcfout=\write3
\blx@langwohyphens=\language85
\c@mincomprange=\count303
\c@maxcomprange=\count304
\c@mincompwidth=\count305
Package biblatex Info: Trying to load biblatex default data model...
Package biblatex Info: ... file 'blx-dm.def' found.

(/usr/share/texlive/texmf-dist/tex/latex/biblatex/blx-dm.def
File: blx-dm.def 2019/12/01 v3.14 biblatex localization (PK/MW)
)
Package biblatex Info: Trying to load biblatex style data model...
Package biblatex Info: ... file 'authoryear-comp.dbx' not found.
Package biblatex Info: Trying to load biblatex custom data model...
Package biblatex Info: ... file 'biblatex-dm.cfg' not found.
\c@afterword=\count306
\c@savedafterword=\count307
\c@annotator=\count308
\c@savedannotator=\count309
\c@author=\count310
\c@savedauthor=\count311
\c@bookauthor=\count312
\c@savedbookauthor=\count313
\c@commentator=\count314
\c@savedcommentator=\count315
\c@editor=\count316
\c@savededitor=\count317
\c@editora=\count318
\c@savededitora=\count319
\c@editorb=\count320
\c@savededitorb=\count321
\c@editorc=\count322
\c@savededitorc=\count323
\c@foreword=\count324
\c@savedforeword=\count325
\c@holder=\count326
\c@savedholder=\count327
\c@introduction=\count328
\c@savedintroduction=\count329
\c@namea=\count330
\c@savednamea=\count331
\c@nameb=\count332
\c@savednameb=\count333
\c@namec=\count334
\c@savednamec=\count335
\c@translator=\count336
\c@savedtranslator=\count337
\c@shortauthor=\count338
\c@savedshortauthor=\count339
\c@shorteditor=\count340
\c@savedshorteditor=\count341
\c@labelname=\count342
\c@savedlabelname=\count343
\c@institution=\count344
\c@savedinstitution=\count345
\c@lista=\count346
\c@savedlista=\count347
\c@listb=\count348
\c@savedlistb=\count349
\c@listc=\count350
\c@savedlistc=\count351
\c@listd=\count352
\c@savedlistd=\count353
\c@liste=\count354
\c@savedliste=\count355
\c@listf=\count356
\c@savedlistf=\count357
\c@location=\count358
\c@savedlocation=\count359
\c@organization=\count360
\c@savedorganization=\count361
\c@origlocation=\count362
\c@savedoriglocation=\count363
\c@origpublisher=\count364
\c@savedorigpublisher=\count365
\c@publisher=\count366
\c@savedpublisher=\count367
\c@language=\count368
\c@savedlanguage=\count369
\c@origlanguage=\count370
\c@savedoriglanguage=\count371
\c@pageref=\count372
\c@savedpageref=\count373
\shorthandwidth=\skip67
\shortjournalwidth=\skip68
\shortserieswidth=\skip69
\shorttitlewidth=\skip70
\shortauthorwidth=\skip71
\shorteditorwidth=\skip72
\locallabelnumberwidth=\skip73
\locallabelalphawidth=\skip74
\localshorthandwidth=\skip75
\localshortjournalwidth=\skip76
\localshortserieswidth=\skip77
\localshorttitlewidth=\skip78
\localshortauthorwidth=\skip79
\localshorteditorwidth=\skip80
Package biblatex Info: Trying to load enhanced support for Unicode engines...
Package biblatex Info: ... file 'blx-unicode.def' found.

(/usr/share/texlive/texmf-dist/tex/latex/biblatex/blx-unicode.def)
Package biblatex Info: Trying to load compatibility code...
Package biblatex Info: ... file 'blx-compat.def' found.

(/usr/share/texlive/texmf-dist/tex/latex/biblatex/blx-compat.def
File: blx-compat.def 2019/12/01 v3.14 biblatex compatibility (PK/MW)
)
Package biblatex Info: Trying to load generic definitions...
Package biblatex Info: ... file 'biblatex.def' found.

(/usr/share/texlive/texmf-dist/tex/latex/biblatex/biblatex.def
File: biblatex.def 2019/12/01 v3.14 biblatex compatibility (PK/MW)
\c@textcitecount=\count374
\c@textcitetotal=\count375
\c@textcitemaxnames=\count376
\c@biburlbigbreakpenalty=\count377
\c@biburlbreakpenalty=\count378
\c@biburlnumpenalty=\count379
\c@biburlucpenalty=\count380
\c@biburllcpenalty=\count381
\biburlbigskip=\muskip17
\biburlnumskip=\muskip18
\biburlucskip=\muskip19
\biburllcskip=\muskip20
\c@smartand=\count382
)
Package biblatex Info: Trying to load natbib compatibility...
Package biblatex Info: ... file 'blx-natbib.def' found.

(/usr/share/texlive/texmf-dist/tex/latex/biblatex/blx-natbib.def
File: blx-natbib.def 2019/12/01 v3.14 biblatex compatibility (PK/MW)
Package biblatex Info: Delimiter 'nameyeardelim' in context '' already defined,
 overwriting.
)
Package biblatex Info: Trying to load bibliography style 'authoryear-comp'...
Package biblatex Info: ... file 'authoryear-comp.bbx' found.

(/usr/share/texlive/texmf-dist/tex/latex/biblatex/bbx/authoryear-comp.bbx
File: authoryear-comp.bbx 2019/12/01 v3.14 biblatex bibliography style (PK/MW)
Package biblatex Info: Trying to load bibliography style 'authoryear'...
Package biblatex Info: ... file 'authoryear.bbx' found.

(/usr/share/texlive/texmf-dist/tex/latex/biblatex/bbx/authoryear.bbx
File: authoryear.bbx 2019/12/01 v3.14 biblatex bibliography style (PK/MW)
Package biblatex Info: Trying to load bibliography style 'standard'...
Package biblatex Info: ... file 'standard.bbx' found.

(/usr/share/texlive/texmf-dist/tex/latex/biblatex/bbx/standard.bbx
File: standard.bbx 2019/12/01 v3.14 biblatex bibliography style (PK/MW)
\c@bbx:relatedcount=\count383
\c@bbx:relatedtotal=\count384
)))
Package biblatex Info: Trying to load citation style 'authoryear-comp'...
Package biblatex Info: ... file 'authoryear-comp.cbx' found.

(/usr/share/texlive/texmf-dist/tex/latex/biblatex/cbx/authoryear-comp.cbx
File: authoryear-comp.cbx 2019/12/01 v3.14 biblatex citation style (PK/MW)
Package biblatex Info: Redefining '\cite'.
Package biblatex Info: Redefining '\parencite'.
Package biblatex Info: Redefining '\footcite'.
Package biblatex Info: Redefining '\footcitetext'.
Package biblatex Info: Redefining '\smartcite'.
Package biblatex Info: Redefining '\textcite'.
Package biblatex Info: Redefining '\textcites'.
Package biblatex Info: Redefining '\cites'.
Package biblatex Info: Redefining '\parencites'.
Package biblatex Info: Redefining '\footcites'.
Package biblatex Info: Redefining '\footcitetexts'.
Package biblatex Info: Redefining '\smartcites'.
)
Package biblatex Info: Trying to load configuration file...
Package biblatex Info: ... file 'biblatex.cfg' found.

(/usr/share/texlive/texmf-dist/tex/latex/biblatex/biblatex.cfg
File: biblatex.cfg 
))
(/usr/share/texlive/texmf-dist/tex/latex/caption/caption.sty
Package: caption 2020/01/03 v3.4h Customizing captions (AR)

(/usr/share/texlive/texmf-dist/tex/latex/caption/caption3.sty
Package: caption3 2020/01/03 v1.8h caption3 kernel (AR)
Package caption3 Info: TeX engine: e-TeX on input line 61.
\captionmargin=\dimen142
\captionmargin@=\dimen143
\captionwidth=\dimen144
\caption@tempdima=\dimen145
\caption@indent=\dimen146
\caption@parindent=\dimen147
\caption@hangindent=\dimen148
Package caption Info: Standard document class detected.
)
\c@caption@flags=\count385
\c@continuedfloat=\count386
Package caption Info: float package is loaded.
Package caption Info: hyperref package is loaded.
)
(/usr/share/texlive/texmf-dist/tex/latex/geometry/geometry.sty
Package: geometry 2020/01/02 v5.9 Page Geometry

(/usr/share/texlive/texmf-dist/tex/generic/iftex/ifvtex.sty
Package: ifvtex 2019/10/25 v1.7 ifvtex legacy package. Use iftex instead.
)
\Gm@cnth=\count387
\Gm@cntv=\count388
\c@Gm@tempcnt=\count389
\Gm@bindingoffset=\dimen149
\Gm@wd@mp=\dimen150
\Gm@odd@mp=\dimen151
\Gm@even@mp=\dimen152
\Gm@layoutwidth=\dimen153
\Gm@layoutheight=\dimen154
\Gm@layouthoffset=\dimen155
\Gm@layoutvoffset=\dimen156
\Gm@dimlist=\toks20
)
(/usr/share/texlive/texmf-dist/tex/latex/titlesec/titlesec.sty
Package: titlesec 2019/10/16 v2.13 Sectioning titles
\ttl@box=\box48
\beforetitleunit=\skip81
\aftertitleunit=\skip82
\ttl@plus=\dimen157
\ttl@minus=\dimen158
\ttl@toksa=\toks21
\titlewidth=\dimen159
\titlewidthlast=\dimen160
\titlewidthfirst=\dimen161
)
(/usr/share/texlive/texmf-dist/tex/latex/tocloft/tocloft.sty
Package: tocloft 2017/08/31 v2.3i parameterised ToC, etc., typesetting
Package tocloft Info: The document has section divisions on input line 51.
\cftparskip=\skip83
\cftbeforetoctitleskip=\skip84
\cftaftertoctitleskip=\skip85
\cftbeforepartskip=\skip86
\cftpartnumwidth=\skip87
\cftpartindent=\skip88
\cftbeforesecskip=\skip89
\cftsecindent=\skip90
\cftsecnumwidth=\skip91
\cftbeforesubsecskip=\skip92
\cftsubsecindent=\skip93
\cftsubsecnumwidth=\skip94
\cftbeforesubsubsecskip=\skip95
\cftsubsubsecindent=\skip96
\cftsubsubsecnumwidth=\skip97
\cftbeforeparaskip=\skip98
\cftparaindent=\skip99
\cftparanumwidth=\skip100
\cftbeforesubparaskip=\skip101
\cftsubparaindent=\skip102
\cftsubparanumwidth=\skip103
\cftbeforeloftitleskip=\skip104
\cftafterloftitleskip=\skip105
\cftbeforefigskip=\skip106
\cftfigindent=\skip107
\cftfignumwidth=\skip108
\c@lofdepth=\count390
\c@lotdepth=\count391
\cftbeforelottitleskip=\skip109
\cftafterlottitleskip=\skip110
\cftbeforetabskip=\skip111
\cfttabindent=\skip112
\cfttabnumwidth=\skip113
)
(/usr/share/texlive/texmf-dist/tex/latex/fontspec/fontspec.sty
(/usr/share/texlive/texmf-dist/tex/latex/l3packages/xparse/xparse.sty
(/usr/share/texlive/texmf-dist/tex/latex/l3kernel/expl3.sty
Package: expl3 2020-02-14 L3 programming layer (loader) 

(/usr/share/texlive/texmf-dist/tex/latex/l3backend/l3backend-xdvipdfmx.def
File: l3backend-xdvipdfmx.def 2020-02-03 L3 backend support: xdvipdfmx
\g__graphics_track_int=\count392
\l__pdf_internal_box=\box49
\g__pdf_backend_object_int=\count393
\g__pdf_backend_annotation_int=\count394
))
Package: xparse 2020-02-14 L3 Experimental document command parser
\l__xparse_current_arg_int=\count395
\g__xparse_grabber_int=\count396
\l__xparse_m_args_int=\count397
\l__xparse_v_nesting_int=\count398
)
Package: fontspec 2020/02/03 v2.7h Font selection for XeLaTeX and LuaLaTeX

(/usr/share/texlive/texmf-dist/tex/latex/fontspec/fontspec-xetex.sty
Package: fontspec-xetex 2020/02/03 v2.7h Font selection for XeLaTeX and LuaLaTe
X
\l__fontspec_script_int=\count399
\l__fontspec_language_int=\count400
\l__fontspec_strnum_int=\count401
\l__fontspec_tmp_int=\count402
\l__fontspec_tmpa_int=\count403
\l__fontspec_tmpb_int=\count404
\l__fontspec_tmpc_int=\count405
\l__fontspec_em_int=\count406
\l__fontspec_emdef_int=\count407
\l__fontspec_strong_int=\count408
\l__fontspec_strongdef_int=\count409
\l__fontspec_tmpa_dim=\dimen162
\l__fontspec_tmpb_dim=\dimen163
\l__fontspec_tmpc_dim=\dimen164

(/usr/share/texlive/texmf-dist/tex/latex/base/fontenc.sty
Package: fontenc 2020/02/11 v2.0o Standard LaTeX package
)
(/usr/share/texlive/texmf-dist/tex/latex/fontspec/fontspec.cfg)))
(/usr/share/texlive/texmf-dist/tex/latex/xcolor/xcolor.sty
Package: xcolor 2016/05/11 v2.12 LaTeX color extensions (UK)

(/usr/share/texlive/texmf-dist/tex/latex/graphics-cfg/color.cfg
File: color.cfg 2016/01/02 v1.6 sample color configuration
)
Package xcolor Info: Driver file: xetex.def on input line 225.

(/usr/share/texlive/texmf-dist/tex/latex/colortbl/colortbl.sty
Package: colortbl 2020/01/04 v1.0e Color table columns (DPC)

(/usr/share/texlive/texmf-dist/tex/latex/tools/array.sty
Package: array 2019/08/31 v2.4l Tabular extension package (FMi)
\col@sep=\dimen165
\ar@mcellbox=\box50
\extrarowheight=\dimen166
\NC@list=\toks22
\extratabsurround=\skip114
\backup@length=\skip115
\ar@cellbox=\box51
)
\everycr=\toks23
\minrowclearance=\skip116
)
\rownum=\count410
Package xcolor Info: Model `cmy' substituted by `cmy0' on input line 1348.
Package xcolor Info: Model `RGB' extended on input line 1364.
Package xcolor Info: Model `HTML' substituted by `rgb' on input line 1366.
Package xcolor Info: Model `Hsb' substituted by `hsb' on input line 1367.
Package xcolor Info: Model `tHsb' substituted by `hsb' on input line 1368.
Package xcolor Info: Model `HSB' substituted by `hsb' on input line 1369.
Package xcolor Info: Model `Gray' substituted by `gray' on input line 1370.
Package xcolor Info: Model `wave' substituted by `hsb' on input line 1371.
)
(./pythonhighlighting.sty
Package: pythonhighlighting 

(/usr/share/texlive/texmf-dist/tex/latex/listings/listings.sty
\lst@mode=\count411
\lst@gtempboxa=\box52
\lst@token=\toks24
\lst@length=\count412
\lst@currlwidth=\dimen167
\lst@column=\count413
\lst@pos=\count414
\lst@lostspace=\dimen168
\lst@width=\dimen169
\lst@newlines=\count415
\lst@lineno=\count416
\lst@maxwidth=\dimen170

(/usr/share/texlive/texmf-dist/tex/latex/listings/lstmisc.sty
File: lstmisc.sty 2019/09/10 1.8c (Carsten Heinz)
\c@lstnumber=\count417
\lst@skipnumbers=\count418
\lst@framebox=\box53
)
(/usr/share/texlive/texmf-dist/tex/latex/listings/listings.cfg
File: listings.cfg 2019/09/10 1.8c listings configuration
))
Package: listings 2019/09/10 1.8c (Carsten Heinz)
)
(/usr/share/texlive/texmf-dist/tex/latex/minted/minted.sty
Package: minted 2017/07/19 v2.5 Yet another Pygments shim for LaTeX

(/usr/share/texlive/texmf-dist/tex/latex/fvextra/fvextra.sty
Package: fvextra 2019/02/04 v1.4 fvextra - extensions and patches for fancyvrb

(/usr/share/texlive/texmf-dist/tex/latex/fancyvrb/fancyvrb.sty
Package: fancyvrb 2020/01/13 v3.5 verbatim text (tvz,hv)
\FV@CodeLineNo=\count419
\FV@InFile=\read4
\FV@TabBox=\box54
\c@FancyVerbLine=\count420
\FV@StepNumber=\count421
\FV@OutFile=\write4
)
(/usr/share/texlive/texmf-dist/tex/latex/upquote/upquote.sty
Package: upquote 2012/04/19 v1.3 upright-quote and grave-accent glyphs in verba
tim

(/usr/share/texlive/texmf-dist/tex/latex/base/textcomp.sty
Package: textcomp 2020/02/02 v2.0n Standard LaTeX package
))
(/usr/share/texlive/texmf-dist/tex/latex/lineno/lineno.sty
Package: lineno 2005/11/02 line numbers on paragraphs v4.41
Invalid UTF-8 byte or sequence at line 296 replaced by U+FFFD.
\linenopenalty=\count422
\output=\toks25
\linenoprevgraf=\count423
\linenumbersep=\dimen171
\linenumberwidth=\dimen172
\c@linenumber=\count424
\c@pagewiselinenumber=\count425
\c@LN@truepage=\count426
\c@internallinenumber=\count427
\c@internallinenumbers=\count428
\quotelinenumbersep=\dimen173
\bframerule=\dimen174
\bframesep=\dimen175
\bframebox=\box55


LaTeX Warning: Command \@parboxrestore  has changed.
               Check if current package is valid.

LaTeX Info: Redefining \\ on input line 3056.
)

Package fvextra Warning: csquotes should be loaded after fvextra, to avoid a wa
rning from the lineno package on input line 37.

\c@FV@TrueTabGroupLevel=\count429
\c@FV@TrueTabCounter=\count430
\FV@TabBox@Group=\box56
\FV@TmpLength=\skip117
\c@FV@HighlightLinesStart=\count431
\c@FV@HighlightLinesStop=\count432
\FV@LoopCount=\count433
\FV@NCharsBox=\box57
\FV@BreakIndent=\dimen176
\FV@BreakIndentNChars=\count434
\FV@BreakSymbolSepLeft=\dimen177
\FV@BreakSymbolSepLeftNChars=\count435
\FV@BreakSymbolSepRight=\dimen178
\FV@BreakSymbolSepRightNChars=\count436
\FV@BreakSymbolIndentLeft=\dimen179
\FV@BreakSymbolIndentLeftNChars=\count437
\FV@BreakSymbolIndentRight=\dimen180
\FV@BreakSymbolIndentRightNChars=\count438
\c@FancyVerbLineBreakLast=\count439
\FV@LineBox=\box58
\FV@LineIndentBox=\box59
\FV@LineWidth=\dimen181
) (/usr/share/texlive/texmf-dist/tex/latex/tools/calc.sty
Package: calc 2017/05/25 v4.3 Infix arithmetic (KKT,FJ)
\calc@Acount=\count440
\calc@Bcount=\count441
\calc@Adimen=\dimen182
\calc@Bdimen=\dimen183
\calc@Askip=\skip118
\calc@Bskip=\skip119
LaTeX Info: Redefining \setlength on input line 80.
LaTeX Info: Redefining \addtolength on input line 81.
\calc@Ccount=\count442
\calc@Cskip=\skip120
)
(/usr/share/texlive/texmf-dist/tex/latex/tools/shellesc.sty
Package: shellesc 2019/11/08 v1.0c unified shell escape interface for LaTeX
Package shellesc Info: Unrestricted shell escape enabled on input line 75.
)
(/usr/share/texlive/texmf-dist/tex/latex/ifplatform/ifplatform.sty
Package: ifplatform 2017/10/13 v0.4a Testing for the operating system

(/usr/share/texlive/texmf-dist/tex/generic/catchfile/catchfile.sty
Package: catchfile 2019/12/09 v1.8 Catch the contents of a file (HO)
)
(/usr/share/texlive/texmf-dist/tex/generic/iftex/ifluatex.sty
Package: ifluatex 2019/10/25 v1.5 ifluatex legacy package. Use iftex instead.
)
runsystem(uname -s > "main.w18")...executed.

 (./main.w18)
runsystem(rm -- "main.w18")...executed.

)
(/usr/share/texlive/texmf-dist/tex/latex/framed/framed.sty
Package: framed 2011/10/22 v 0.96: framed or shaded text with page breaks
\OuterFrameSep=\skip121
\fb@frw=\dimen184
\fb@frh=\dimen185
\FrameRule=\dimen186
\FrameSep=\dimen187
)
\minted@appexistsfile=\read5
\minted@bgbox=\box60
\minted@code=\write5
\c@minted@FancyVerbLineTemp=\count443
\c@minted@pygmentizecounter=\count444
\@float@every@listing=\toks26
\c@listing=\count445
)
runsystem(mkdir -p _minted-main)...executed.


(/usr/share/texlive/texmf-dist/tex/latex/wrapfig/wrapfig.sty
\wrapoverhang=\dimen188
\WF@size=\dimen189
\c@WF@wrappedlines=\count446
\WF@box=\box61
\WF@everypar=\toks27
Package: wrapfig 2003/01/31  v 3.6
))
Package csquotes Info: Checking for multilingual support...
Package csquotes Info: ... found 'babel' package.
Package csquotes Info: Adjusting default style.
Package csquotes Info: Redefining alias 'default' -> 'ngerman'.
runsystem(which pygmentize && touch main.aex)...executed.

runsystem(rm main.aex)...executed.

 (./main.aux)
\openout1 = `main.aux'.

LaTeX Font Info:    Checking defaults for OML/cmm/m/it on input line 15.
LaTeX Font Info:    ... okay on input line 15.
LaTeX Font Info:    Checking defaults for OMS/cmsy/m/n on input line 15.
LaTeX Font Info:    ... okay on input line 15.
LaTeX Font Info:    Checking defaults for OT1/cmr/m/n on input line 15.
LaTeX Font Info:    ... okay on input line 15.
LaTeX Font Info:    Checking defaults for T1/cmr/m/n on input line 15.
LaTeX Font Info:    ... okay on input line 15.
LaTeX Font Info:    Checking defaults for TS1/cmr/m/n on input line 15.
LaTeX Font Info:    Trying to load font information for TS1+cmr on input line 1
5.

(/usr/share/texlive/texmf-dist/tex/latex/base/ts1cmr.fd
File: ts1cmr.fd 2019/12/16 v2.5j Standard LaTeX font definitions
)
LaTeX Font Info:    ... okay on input line 15.
LaTeX Font Info:    Checking defaults for TU/lmr/m/n on input line 15.
LaTeX Font Info:    ... okay on input line 15.
LaTeX Font Info:    Checking defaults for OMX/cmex/m/n on input line 15.
LaTeX Font Info:    ... okay on input line 15.
LaTeX Font Info:    Checking defaults for U/cmr/m/n on input line 15.
LaTeX Font Info:    ... okay on input line 15.
LaTeX Font Info:    Checking defaults for PD1/pdf/m/n on input line 15.
LaTeX Font Info:    ... okay on input line 15.
LaTeX Font Info:    Checking defaults for PU/pdf/m/n on input line 15.
LaTeX Font Info:    ... okay on input line 15.
\AtBeginShipoutBox=\box62
Package hyperref Info: Link coloring OFF on input line 15.

(/usr/share/texlive/texmf-dist/tex/latex/hyperref/nameref.sty
Package: nameref 2019/09/16 v2.46 Cross-referencing by name of section

(/usr/share/texlive/texmf-dist/tex/latex/refcount/refcount.sty
Package: refcount 2019/12/15 v3.6 Data extraction from label references (HO)
)
(/usr/share/texlive/texmf-dist/tex/generic/gettitlestring/gettitlestring.sty
Package: gettitlestring 2019/12/15 v1.6 Cleanup title references (HO)
)
\c@section@level=\count447
)
LaTeX Info: Redefining \ref on input line 15.
LaTeX Info: Redefining \pageref on input line 15.
LaTeX Info: Redefining \nameref on input line 15.

(./main.out) (./main.out)
\@outlinefile=\write6
\openout6 = `main.out'.

Package biblatex Info: Trying to load language 'ngerman'...
Package biblatex Info: ... file 'ngerman.lbx' found.

(/usr/share/texlive/texmf-dist/tex/latex/biblatex/lbx/ngerman.lbx
File: ngerman.lbx 2019/12/01 v3.14 biblatex localization (PK/MW)
Package biblatex Info: Trying to load language 'german'...
Package biblatex Info: ... file 'german.lbx' found.

(/usr/share/texlive/texmf-dist/tex/latex/biblatex/lbx/german.lbx
File: german.lbx 2019/12/01 v3.14 biblatex localization (PK/MW)
)
Package biblatex Info: Trying to load language 'german'...
Package biblatex Info: ... file 'german.lbx' found.

(/usr/share/texlive/texmf-dist/tex/latex/biblatex/lbx/german.lbx
File: german.lbx 2019/12/01 v3.14 biblatex localization (PK/MW)
))
Package biblatex Info: XeTeX detected.
(biblatex)             Assuming input encoding 'utf8'.
Package biblatex Info: Automatic encoding selection.
(biblatex)             Assuming data encoding 'utf8'.
\openout3 = `main.bcf'.

Package biblatex Info: Trying to load bibliographic data...
Package biblatex Info: ... file 'main.bbl' found.
 (./main.bbl)
Package biblatex Info: Reference section=0 on input line 15.
Package biblatex Info: Reference segment=0 on input line 15.
Package caption Info: Begin \AtBeginDocument code.
Package caption Info: listings package is loaded.
Package caption Info: wrapfig package is loaded.
Package caption Info: End \AtBeginDocument code.
*geometry* driver: auto-detecting
*geometry* detected driver: xetex
*geometry* verbose mode - [ preamble ] result:
* driver: xetex
* paper: a4paper
* layout: <same size as paper>
* layoutoffset:(h,v)=(0.0pt,0.0pt)
* modes: 
* h-part:(L,W,R)=(85.35826pt, 455.24411pt, 56.9055pt)
* v-part:(T,H,B)=(71.13188pt, 674.33032pt, 99.58464pt)
* \paperwidth=597.50787pt
* \paperheight=845.04684pt
* \textwidth=455.24411pt
* \textheight=674.33032pt
* \oddsidemargin=13.08827pt
* \evensidemargin=13.08827pt
* \topmargin=-38.1381pt
* \headheight=22.76228pt
* \headsep=28.45274pt
* \topskip=12.0pt
* \footskip=30.0pt
* \marginparwidth=54.2025pt
* \marginparsep=10.0pt
* \columnsep=10.0pt
* \skip\footins=10.8pt plus 4.0pt minus 2.0pt
* \hoffset=0.0pt
* \voffset=0.0pt
* \mag=1000
* \@twocolumnfalse
* \@twosidefalse
* \@mparswitchfalse
* \@reversemarginfalse
* (1in=72.27pt=25.4mm, 1cm=28.453pt)


Package fontspec Info: Adjusting the maths setup (use [no-math] to avoid
(fontspec)             this).

\symlegacymaths=\mathgroup4
LaTeX Font Info:    Overwriting symbol font `legacymaths' in version `bold'
(Font)                  OT1/cmr/m/n --> OT1/cmr/bx/n on input line 15.
LaTeX Font Info:    Redeclaring math accent \acute on input line 15.
LaTeX Font Info:    Redeclaring math accent \grave on input line 15.
LaTeX Font Info:    Redeclaring math accent \ddot on input line 15.
LaTeX Font Info:    Redeclaring math accent \tilde on input line 15.
LaTeX Font Info:    Redeclaring math accent \bar on input line 15.
LaTeX Font Info:    Redeclaring math accent \breve on input line 15.
LaTeX Font Info:    Redeclaring math accent \check on input line 15.
LaTeX Font Info:    Redeclaring math accent \hat on input line 15.
LaTeX Font Info:    Redeclaring math accent \dot on input line 15.
LaTeX Font Info:    Redeclaring math accent \mathring on input line 15.
LaTeX Font Info:    Redeclaring math symbol \colon on input line 15.
LaTeX Font Info:    Redeclaring math symbol \Gamma on input line 15.
LaTeX Font Info:    Redeclaring math symbol \Delta on input line 15.
LaTeX Font Info:    Redeclaring math symbol \Theta on input line 15.
LaTeX Font Info:    Redeclaring math symbol \Lambda on input line 15.
LaTeX Font Info:    Redeclaring math symbol \Xi on input line 15.
LaTeX Font Info:    Redeclaring math symbol \Pi on input line 15.
LaTeX Font Info:    Redeclaring math symbol \Sigma on input line 15.
LaTeX Font Info:    Redeclaring math symbol \Upsilon on input line 15.
LaTeX Font Info:    Redeclaring math symbol \Phi on input line 15.
LaTeX Font Info:    Redeclaring math symbol \Psi on input line 15.
LaTeX Font Info:    Redeclaring math symbol \Omega on input line 15.
LaTeX Font Info:    Redeclaring math symbol \mathdollar on input line 15.
LaTeX Font Info:    Redeclaring symbol font `operators' on input line 15.
LaTeX Font Info:    Encoding `OT1' has changed to `TU' for symbol font
(Font)              `operators' in the math version `normal' on input line 15.
LaTeX Font Info:    Overwriting symbol font `operators' in version `normal'
(Font)                  OT1/cmr/m/n --> TU/lmr/m/n on input line 15.
LaTeX Font Info:    Encoding `OT1' has changed to `TU' for symbol font
(Font)              `operators' in the math version `bold' on input line 15.
LaTeX Font Info:    Overwriting symbol font `operators' in version `bold'
(Font)                  OT1/cmr/bx/n --> TU/lmr/m/n on input line 15.
LaTeX Font Info:    Overwriting symbol font `operators' in version `normal'
(Font)                  TU/lmr/m/n --> TU/lmr/m/n on input line 15.
LaTeX Font Info:    Overwriting math alphabet `\mathit' in version `normal'
(Font)                  OT1/cmr/m/it --> TU/lmr/m/it on input line 15.
LaTeX Font Info:    Overwriting math alphabet `\mathbf' in version `normal'
(Font)                  OT1/cmr/bx/n --> TU/lmr/b/n on input line 15.
LaTeX Font Info:    Overwriting math alphabet `\mathsf' in version `normal'
(Font)                  OT1/cmss/m/n --> TU/lmss/m/n on input line 15.
LaTeX Font Info:    Overwriting math alphabet `\mathtt' in version `normal'
(Font)                  OT1/cmtt/m/n --> TU/lmtt/m/n on input line 15.
LaTeX Font Info:    Overwriting symbol font `operators' in version `bold'
(Font)                  TU/lmr/m/n --> TU/lmr/b/n on input line 15.
LaTeX Font Info:    Overwriting math alphabet `\mathit' in version `bold'
(Font)                  OT1/cmr/bx/it --> TU/lmr/b/it on input line 15.
LaTeX Font Info:    Overwriting math alphabet `\mathsf' in version `bold'
(Font)                  OT1/cmss/bx/n --> TU/lmss/b/n on input line 15.
LaTeX Font Info:    Overwriting math alphabet `\mathtt' in version `bold'
(Font)                  OT1/cmtt/m/n --> TU/lmtt/b/n on input line 15.
\c@lstlisting=\count448
File: Bilder/misc/thga_logo.png Graphic file (type bmp)
<Bilder/misc/thga_logo.png>
LaTeX Font Info:    External font `cmex10' loaded for size
(Font)              <12> on input line 29.
LaTeX Font Info:    External font `cmex10' loaded for size
(Font)              <8> on input line 29.
LaTeX Font Info:    External font `cmex10' loaded for size
(Font)              <6> on input line 29.
(/usr/share/texlive/texmf-dist/tex/generic/stringenc/se-ascii-print.def
File: se-ascii-print.def 2019/11/29 v1.12 stringenc: Printable ASCII characters

)
[1

] [1

] (./main.toc [2])
\tf@toc=\write7
\openout7 = `main.toc'.

 [3] (./main.lof
Overfull \hbox (7.26903pt too wide) in paragraph at lines 34--34
 [][] [][]\TU/lmr/m/n/12 TensorBoard-Ausgabe für das Modell \TU/lmr/m/it/12 fas
ter_rcnn_inception_resnet_v2[] []  
 []

[4] [5] [6])
\tf@lof=\write8
\openout8 = `main.lof'.

 [7] (./main.lot)
\tf@lot=\write9
\openout9 = `main.lot'.

 [8] [9]
LaTeX Font Info:    External font `cmex10' loaded for size
(Font)              <7> on input line 105.
LaTeX Font Info:    External font `cmex10' loaded for size
(Font)              <5> on input line 105.

Underfull \hbox (badness 10000) in paragraph at lines 107--108

 []


Underfull \hbox (badness 10000) in paragraph at lines 111--112

 []


Underfull \hbox (badness 10000) in paragraph at lines 113--114

 []

[1]
Underfull \hbox (badness 10000) in paragraph at lines 117--118

 []

[2]
Overfull \hbox (4.70392pt too wide) in paragraph at lines 134--135
\TU/lmr/m/n/12 deten Programme sollten theoretisch auch auf allen weiteren gäng
igen Linux-Distributionen
 []


Underfull \hbox (badness 10000) in paragraph at lines 136--136
[][][][]\TU/lmr/m/n/10 https://askubuntu.com/questions/726972/dual-boot-windows
-10-and-linux-ubuntu-on-separate-
 []


Underfull \hbox (badness 10000) in paragraph at lines 136--137

 []

\openout4 = `main.pyg'.

(./_minted-main/default-pyg-prefix.pygstyle) (./_minted-main/default.pygstyle)
(./_minted-main/D7A128EE5F501C02642A5D5669ED120E5093E84BEA004B2911D4DA186861F6D
B.pygtex)
Underfull \hbox (badness 10000) in paragraph at lines 147--148

 []

\openout4 = `main.pyg'.


(./_minted-main/2F2C21423278DD385DAC12AF46EB7C655093E84BEA004B2911D4DA186861F6D
B.pygtex) [3]
\openout4 = `main.pyg'.


(./_minted-main/0763565CFAC3076929E08A8B5A74F30F5093E84BEA004B2911D4DA186861F6D
B.pygtex)
\openout4 = `main.pyg'.


(./_minted-main/E6BB27E750AF59A4AAF64419A15C81985093E84BEA004B2911D4DA186861F6D
B.pygtex)
Underfull \hbox (badness 10000) in paragraph at lines 170--172

 []

\openout4 = `main.pyg'.


(./_minted-main/419C63603022FE38150FCB174B2933E75093E84BEA004B2911D4DA186861F6D
B.pygtex)
File: Bilder/misc/aktive venv.png Graphic file (type bmp)
<Bilder/misc/aktive venv.png>

Underfull \hbox (badness 10000) in paragraph at lines 190--191

 []

[4]
\openout4 = `main.pyg'.


(./_minted-main/7E2EEF4ED5901D66A300984E7800B4E25093E84BEA004B2911D4DA186861F6D
B.pygtex)
\openout4 = `main.pyg'.


(./_minted-main/08C4B6E1234E7F73B8A5B272ABF4EBC35093E84BEA004B2911D4DA186861F6D
B.pygtex)
\openout4 = `main.pyg'.


(./_minted-main/E3B916F111B6FD4206180B36DEA0B6865093E84BEA004B2911D4DA186861F6D
B.pygtex
LaTeX Font Info:    Font shape `TU/lmtt/bx/n' in size <10> not available
(Font)              Font shape `TU/lmtt/b/n' tried instead on input line 2.
)
Overfull \vbox (2.28801pt too high) detected at line 214
 []

[5]
\openout4 = `main.pyg'.


(./_minted-main/DBAAF8A858AC15D7842BCF40F369B0CD5093E84BEA004B2911D4DA186861F6D
B.pygtex)
\openout4 = `main.pyg'.


(./_minted-main/D823F61E41791FA8960536AC9C1ADB985093E84BEA004B2911D4DA186861F6D
B.pygtex)
LaTeX Font Info:    Font shape `TU/lmtt/bx/n' in size <12> not available
(Font)              Font shape `TU/lmtt/b/n' tried instead on input line 229.
\openout4 = `main.pyg'.


(./_minted-main/EE2131B23FFCA9091591566A4B1A2BC75093E84BEA004B2911D4DA186861F6D
B.pygtex)
\openout4 = `main.pyg'.


(./_minted-main/BC38D16CC5752BA5322FEECF1AE12F8D5093E84BEA004B2911D4DA186861F6D
B.pygtex)
\openout4 = `main.pyg'.


(./_minted-main/584EE4A33A2896387393081F8154329E5093E84BEA004B2911D4DA186861F6D
B.pygtex)
\openout4 = `main.pyg'.


(./_minted-main/9745E7334D59DC0D9A7AC0BB78C2177C5093E84BEA004B2911D4DA186861F6D
B.pygtex)
Underfull \hbox (badness 10000) in paragraph at lines 252--252
[][][][]$[][][][][] [] [] [] [][][][][][][][][] [] [][][][][][] [] [][][] [] []
[][][][][][] [] [][][][][][][][][][][][][][][][][] [] [][][][][] [] [][][][][][
] [] [] [] [] [] [] [] [][] [] [] []
 []

[6]
\openout4 = `main.pyg'.


(./_minted-main/F507103CCD3678698335BE45180993EC5093E84BEA004B2911D4DA186861F6D
B.pygtex)
\openout4 = `main.pyg'.


(./_minted-main/AA0F20F9D0AE5E48DFCA78C3A670F2F95093E84BEA004B2911D4DA186861F6D
B.pygtex)
Underfull \hbox (badness 10000) in paragraph at lines 267--267
[][][][]$[][][][][] [] [] [] [][][][][][][][][] [] [][][][][][] [] [][][] [] []
[][][][][][] [] [][][][][][][][][][][][][][][][][] [] [][][][][] [] [][][][][][
] [] [] [] [] [] [] [] [][] [] [] []
 []


Underfull \hbox (badness 10000) in paragraph at lines 267--267
[][][][]$[][][][][] [] [] [] [][][][][][][][][] [] [][][][][][] [] [][][] [] []
[][][][][][] [] [][][][][][][][][][][][][][][][][] [] [][][][][] [] [][][][][][
] [] [] [] [] [] [] [] [][] [] [] []
 []


Underfull \hbox (badness 10000) in paragraph at lines 267--267
[][][][]$[][][][][] [] [] [] [][][][][][][][][] [] [][][][][][] [] [][][] [] []
[][][][][][] [] [][][][][][][][][][][][][][][][][] [] [][][][][] [] [][][][][][
] [] [] [] [] [] [] [] [][] [] [] []
 []

\openout4 = `main.pyg'.


(./_minted-main/08C4B6E1234E7F73B8A5B272ABF4EBC35093E84BEA004B2911D4DA186861F6D
B.pygtex)
\openout4 = `main.pyg'.


(./_minted-main/EBB9F34F7F83A73E4DEDEA548A5C98CB5093E84BEA004B2911D4DA186861F6D
B.pygtex)
Overfull \hbox (1.55994pt too wide) in paragraph at lines 279--281
\TU/lmtt/b/n/12 set up correctly. Please ensure FreeImage is set up correctly \
TU/lmr/m/n/12 auf. In diesem
 []

\openout4 = `main.pyg'.

[7]
(./_minted-main/6C2F3D5B78A51C0ABDE3E4142CFB724A5093E84BEA004B2911D4DA186861F6D
B.pygtex)
\openout4 = `main.pyg'.


(./_minted-main/3EFB5623FB4F99CD7E128985D61057DD5093E84BEA004B2911D4DA186861F6D
B.pygtex)
Overfull \hbox (19.33992pt too wide) in paragraph at lines 294--295
[]\TU/lmr/m/n/12 Nachdem alle erforderlichen Basisprogramme installiert sind we
rden vorgefertigte TensorFlow-
 []

\openout4 = `main.pyg'.


(./_minted-main/D3859561DF5E54AFF20E02E0095BAB5E5093E84BEA004B2911D4DA186861F6D
B.pygtex)
Underfull \hbox (badness 10000) in paragraph at lines 301--301
[][][][]$[][][][][] [] [] [] [][][][][][] [] [][][] [] [][][][][][][][][][][][]
[][][] [] [][][][][][][][] [] [][][][][][][][] [] [][][][][][][][] [] [][] [] [
][] [] [] [] [][][][][][][][][] [] [][] []
 []

\openout4 = `main.pyg'.


(./_minted-main/30DD1BB137E8D4401AA001D8806B9DC05093E84BEA004B2911D4DA186861F6D
B.pygtex)
\openout4 = `main.pyg'.


(./_minted-main/BD3902FC680A62A9EA07B605DFB453DA5093E84BEA004B2911D4DA186861F6D
B.pygtex)
\openout4 = `main.pyg'.


(./_minted-main/D93C38BE504DC0967513C2B3638C15495093E84BEA004B2911D4DA186861F6D
B.pygtex)
Overfull \hbox (11.00392pt too wide) in paragraph at lines 316--318
\TU/lmr/m/n/12 Als letzter Schritt vor der eigentlichen Installation der gewüns
chten TensorFlow-Schnittstelle
 []

\openout4 = `main.pyg'.

[8]
(./_minted-main/CDCEE78E5A68B5E5F7A8DBF7BAA714405093E84BEA004B2911D4DA186861F6D
B.pygtex)
\openout4 = `main.pyg'.


(./_minted-main/BD3902FC680A62A9EA07B605DFB453DA5093E84BEA004B2911D4DA186861F6D
B.pygtex)
\openout4 = `main.pyg'.


(./_minted-main/4B5021C6A7224BE7280060BE274312125093E84BEA004B2911D4DA186861F6D
B.pygtex)
\openout4 = `main.pyg'.


(./_minted-main/2C6325CFF24E4E41598AD471F61B16E35093E84BEA004B2911D4DA186861F6D
B.pygtex)
File: Bilder/misc/erfolgreiche Installation.png Graphic file (type bmp)
<Bilder/misc/erfolgreiche Installation.png>
\openout4 = `main.pyg'.


(./_minted-main/FDD1CB9B7EA0D7214CC6A7F56BB7D44C5093E84BEA004B2911D4DA186861F6D
B.pygtex)
Underfull \hbox (badness 10000) in paragraph at lines 361--361
[][][][]\TU/lmr/m/n/10 Originalskript: $[][][][][] [] [] [] [][][][][][][][][][
][][][][][][][][][][][][][][][][][][][][][][][][][][][][][][][][][][] [] [][][]
[][][][][][][][] [] [][] [] [][] []
 []


Underfull \hbox (badness 10000) in paragraph at lines 361--361
[][][][][][] [] [][][][][][][][][][] [] [][][][][][][][][][][][][][][][][][][][
][][][][][][][][][][][][] [] [][][][] [] [][][][][][] [] [][][][][][][][][] [] 
[][][][][] [] [][][][][] []
 []

\openout4 = `main.pyg'.

[9]
(./_minted-main/5CD879D581EE0C40C392F909601840AA5093E84BEA004B2911D4DA186861F6D
B.pygtex) [10]
File: Bilder/misc/Ordnerstruktur.png Graphic file (type bmp)
<Bilder/misc/Ordnerstruktur.png>

Underfull \hbox (badness 7081) in paragraph at lines 387--388
[][]\TU/lmr/m/n/12 Prinzipiell ist es sinnvoll, für das Training eige-
 []


Underfull \hbox (badness 4024) in paragraph at lines 387--388
\TU/lmr/m/n/12 te Arbeitsumgebung zu schaffen. Im folgenden soll
 []


Underfull \hbox (badness 10000) in paragraph at lines 387--388

 []


Underfull \hbox (badness 10000) in paragraph at lines 391--392

 []


Underfull \hbox (badness 4441) in paragraph at lines 393--394
\TU/lmr/m/n/12 als Vorlage für die Ordnerstruktur verwendet wer-
 []


Underfull \hbox (badness 10000) in paragraph at lines 393--394

 []

\openout4 = `main.pyg'.


(./_minted-main/01EA934768AFFB66CCF0FDA0C6DE688D5093E84BEA004B2911D4DA186861F6D
B.pygtex)
Overfull \hbox (5.45004pt too wide) in paragraph at lines 397--404
$[]$
 []


Underfull \hbox (badness 10000) in paragraph at lines 397--404

 []

[11]
Underfull \hbox (badness 10000) in paragraph at lines 414--415

 []

\openout4 = `main.pyg'.

[12]
(./_minted-main/F0886796E07D1D091D371E2C8F5AA6FE5093E84BEA004B2911D4DA186861F6D
B.pygtex)
\openout4 = `main.pyg'.


(./_minted-main/B0DE1369A33634A44BBA93D299C7D3BD5093E84BEA004B2911D4DA186861F6D
B.pygtex)
Underfull \hbox (badness 10000) in paragraph at lines 429--430

 []

\openout4 = `main.pyg'.


(./_minted-main/96ACC4FA4DF8856DD4FC031F4D06A4F45093E84BEA004B2911D4DA186861F6D
B.pygtex)
\openout4 = `main.pyg'.


(./_minted-main/82B17B86B453CFE167ACAFF3F81FB6FB5093E84BEA004B2911D4DA186861F6D
B.pygtex)
\openout4 = `main.pyg'.

 [13]
(./_minted-main/2960E79E15018279367D70C28E53624C5093E84BEA004B2911D4DA186861F6D
B.pygtex)
\openout4 = `main.pyg'.


(./_minted-main/A8E48FC5749D6582BF546CD70A1D7F4B5093E84BEA004B2911D4DA186861F6D
B.pygtex)
Underfull \hbox (badness 10000) in paragraph at lines 451--453

 []

File: Bilder/misc/labelImg_open.png Graphic file (type bmp)
<Bilder/misc/labelImg_open.png>
File: Bilder/misc/labelImg_labels.png Graphic file (type bmp)
<Bilder/misc/labelImg_labels.png>
[14]
Underfull \hbox (badness 10000) in paragraph at lines 474--475

 []


Underfull \hbox (badness 10000) in paragraph at lines 476--477

 []

\openout4 = `main.pyg'.


(./_minted-main/2F2AA894B81B33CF38CC29191DBFB9025093E84BEA004B2911D4DA186861F6D
B.pygtex) [15]
\openout4 = `main.pyg'.


(./_minted-main/4FCF918E42EC89473512D4435D55D8865093E84BEA004B2911D4DA186861F6D
B.pygtex)
\openout4 = `main.pyg'.


(./_minted-main/AEBC938F78A62C44A5BA496B8213CE635093E84BEA004B2911D4DA186861F6D
B.pygtex)
Underfull \hbox (badness 10000) in paragraph at lines 502--503

 []

\openout4 = `main.pyg'.

[16]
(./_minted-main/1ABEC4113E3B694302A7D899424DB3845093E84BEA004B2911D4DA186861F6D
B.pygtex)
Underfull \hbox (badness 10000) in paragraph at lines 516--518

 []


Underfull \hbox (badness 10000) in paragraph at lines 519--520

 []

(/usr/share/texlive/texmf-dist/tex/latex/listings/lstlang1.sty
File: lstlang1.sty 2019/09/10 1.8c listings language file
)
\openout4 = `main.pyg'.


(./_minted-main/4316AF6E92CAFA0565A8F376880130E55093E84BEA004B2911D4DA186861F6D
B.pygtex)
\openout4 = `main.pyg'.


(./_minted-main/3CA761AD1ECC8BBB0115B41B4F0808BC5093E84BEA004B2911D4DA186861F6D
B.pygtex)
Overfull \vbox (3.41968pt too high) detected at line 546
 []

[17]
\openout4 = `main.pyg'.


(./_minted-main/860A0A45E8A49D1A7B525CCFC0B6A0E65093E84BEA004B2911D4DA186861F6D
B.pygtex)
\openout4 = `main.pyg'.


(./_minted-main/72A46E3ADD697A5C183A1E522E9046275093E84BEA004B2911D4DA186861F6D
B.pygtex)
\openout4 = `main.pyg'.


(./_minted-main/4155F7ED724D7D61E0996F5AEC8D54185093E84BEA004B2911D4DA186861F6D
B.pygtex)
Underfull \hbox (badness 10000) in paragraph at lines 567--567
[][][][]$[][][][][] [] [] [] [][][][][][] [] [][][] [] [][][][][][][][][][] [] 
[][][][][][] [] [][][][] [] [][][][][][] [] [][][][][][][][] [] [][][][][][] []
 [][][][][][][][][] [] [][][][][] []
 []

\openout4 = `main.pyg'.


(./_minted-main/A5B6D5A4D1B87E53F7887A97990695F15093E84BEA004B2911D4DA186861F6D
B.pygtex) [18]
\openout4 = `main.pyg'.


(./_minted-main/B7F99416231EE20142949E732875D5C85093E84BEA004B2911D4DA186861F6D
B.pygtex)
Underfull \hbox (badness 6173) in paragraph at lines 588--589
[]\TU/lmr/m/n/12 In Zeile 172 wird der Pfad zur \TU/lmr/m/it/12 label map \TU/l
mr/m/n/12 angegeben: \TU/lmtt/b/n/12 annotations/
 []

[19]
Underfull \hbox (badness 10000) in paragraph at lines 594--595

 []


Overfull \hbox (24.87991pt too wide) in paragraph at lines 596--597
[]\TU/lmr/m/n/12 Eine weitere Anmerkung: Es gibt eine Einstellung mit der Bezei
chnung \TU/lmtt/b/n/12 max_number_of_boxes\TU/lmr/m/n/12 ,
 []


Underfull \hbox (badness 10000) in paragraph at lines 596--597

 []


Underfull \hbox (badness 10000) in paragraph at lines 600--601

 []

\openout4 = `main.pyg'.


(./_minted-main/A85BA749D049EDE67FAADD0EA15C430B5093E84BEA004B2911D4DA186861F6D
B.pygtex)
\openout4 = `main.pyg'.


(./_minted-main/FA628C7F28EF538B14B0D07DBACB4B335093E84BEA004B2911D4DA186861F6D
B.pygtex)
Underfull \hbox (badness 10000) in paragraph at lines 611--613

 []

[20]
\openout4 = `main.pyg'.


(./_minted-main/8491A1AC8842E1742462EA31D0AD07795093E84BEA004B2911D4DA186861F6D
B.pygtex)
Underfull \hbox (badness 10000) in paragraph at lines 619--621
\TU/lmtt/b/n/12 Cannot convert a symbolic Tensor (cond_2/strided_slice:0) to a
 []


Underfull \hbox (badness 10000) in paragraph at lines 619--621
\TU/lmtt/b/n/12 numpy array. This error may indicate that you're trying to pass

 []


Underfull \hbox (badness 10000) in paragraph at lines 619--621
\TU/lmtt/b/n/12 a Tensor to a NumPy call, which is not supported \TU/lmr/m/n/12
 auf, welche auf eine
 []

\openout4 = `main.pyg'.


(./_minted-main/60C3EAA871EABB70D6BDADF8FC6CA15A5093E84BEA004B2911D4DA186861F6D
B.pygtex)
Underfull \hbox (badness 10000) in paragraph at lines 633--634

 []


Underfull \hbox (badness 10000) in paragraph at lines 635--636

 []

[21]
\openout4 = `main.pyg'.


(./_minted-main/57502E42F9234BC739AB503D8435DEDB5093E84BEA004B2911D4DA186861F6D
B.pygtex)
File: Bilder/misc/TensorBoard.jpg Graphic file (type bmp)
<Bilder/misc/TensorBoard.jpg>

Underfull \hbox (badness 10000) in paragraph at lines 655--656

 []

[22]
Underfull \hbox (badness 10000) in paragraph at lines 659--660

 []

\openout4 = `main.pyg'.


(./_minted-main/6664FA630512106A83C21EA7BCCFBBBC5093E84BEA004B2911D4DA186861F6D
B.pygtex)
\openout4 = `main.pyg'.


(./_minted-main/3FC9F6238879AA4950568C12AA591EAC5093E84BEA004B2911D4DA186861F6D
B.pygtex)
\openout4 = `main.pyg'.


(./_minted-main/4377AE2599917E8A6AC6A5FD825DABCB5093E84BEA004B2911D4DA186861F6D
B.pygtex)
Underfull \vbox (badness 6364) detected at line 681
 []

[23]
Underfull \hbox (badness 10000) in paragraph at lines 681--683

 []

File: Bilder/misc/training_output.png Graphic file (type bmp)
<Bilder/misc/training_output.png>
\openout4 = `main.pyg'.

[24]
(./_minted-main/96BA3F10636781ED83075E9782CDFEFC5093E84BEA004B2911D4DA186861F6D
B.pygtex)
Overfull \hbox (32.22392pt too wide) in paragraph at lines 703--704
\TU/lmr/m/n/12 Namen \TU/lmr/m/it/12 saved_model.pb \TU/lmr/m/n/12 liegt, in di
esem Fall also \TU/lmtt/b/n/12 /home/$USER/TensorFlow/workspaces/
 []

\openout4 = `main.pyg'.


(./_minted-main/4AF3F05F5E14C681EEB3ADC14A3BCF795093E84BEA004B2911D4DA186861F6D
B.pygtex)
Underfull \hbox (badness 10000) in paragraph at lines 709--711

 []

[25]
Underfull \hbox (badness 10000) in paragraph at lines 724--725

 []

[26]
File: Bilder/misc/learning_rate.png Graphic file (type bmp)
<Bilder/misc/learning_rate.png>
File: Bilder/misc/loss nan.png Graphic file (type bmp)
<Bilder/misc/loss nan.png>
File: Bilder/misc/regularizer_weight.png Graphic file (type bmp)
<Bilder/misc/regularizer_weight.png>
 [27]
Underfull \hbox (badness 10000) in paragraph at lines 778--779

 []

[28]
Underfull \hbox (badness 10000) in paragraph at lines 780--781

 []


Underfull \hbox (badness 10000) in paragraph at lines 782--783

 []


Underfull \hbox (badness 10000) in paragraph at lines 805--806

 []

[29]
Underfull \hbox (badness 10000) in paragraph at lines 807--808

 []


Underfull \hbox (badness 10000) in paragraph at lines 811--812

 []


Underfull \hbox (badness 10000) in paragraph at lines 821--822

 []

[30]
Underfull \hbox (badness 10000) in paragraph at lines 834--835

 []


Underfull \hbox (badness 10000) in paragraph at lines 856--857

 []

[31]
Overfull \hbox (5.29193pt too wide) in paragraph at lines 862--863
[]\TU/lmr/m/n/12 Dies lässt sich bei Bedarf leicht überprüfen, indem die Regula
risierung in der \TU/lmr/m/it/12 pipeline.config\TU/lmr/m/n/12 -
 []


Underfull \hbox (badness 10000) in paragraph at lines 862--863

 []


Underfull \hbox (badness 10000) in paragraph at lines 864--865

 []


Underfull \hbox (badness 10000) in paragraph at lines 873--874

 []

[32]
Underfull \hbox (badness 10000) in paragraph at lines 875--876

 []


Underfull \hbox (badness 10000) in paragraph at lines 877--878

 []


Underfull \hbox (badness 10000) in paragraph at lines 881--882

 []


Underfull \hbox (badness 10000) in paragraph at lines 883--884

 []


Underfull \hbox (badness 10000) in paragraph at lines 885--886

 []

[33] [34]
Overfull \hbox (73.9079pt too wide) in paragraph at lines 913--921
[]\TU/lmr/m/it/12 efficientdet_d1 faster_rcnn_inception_resnet_v2 faster_rcnn_r
esnet50_v1 faster_rcnn_resnet101_v1
 []


Overfull \hbox (35.5919pt too wide) in paragraph at lines 913--921
\TU/lmr/m/it/12 ssd_mobilenet_v1_fpn ssd_mobilenet_v2_fpnlite ssd_resnet50_v1_f
pn ssd_resnet101_v1_fpn 
 []

[35] (./appendix.tex
File: Bilder/misc/on_paper.jpg Graphic file (type bmp)
<Bilder/misc/on_paper.jpg>
File: Bilder/misc/detection_on_paper.png Graphic file (type bmp)
<Bilder/misc/detection_on_paper.png>
File: Bilder/misc/on_wood.jpg Graphic file (type bmp)
<Bilder/misc/on_wood.jpg>
File: Bilder/misc/detection_on_wood.png Graphic file (type bmp)
<Bilder/misc/detection_on_wood.png>
 [36

] [37]
File: Bilder/models/model_comparison/tensorboards/efficientdet_d1_coco17_tpu-32
.png Graphic file (type bmp)
<Bilder/models/model_comparison/tensorboards/efficientdet_d1_coco17_tpu-32.png>

 [38]
Overfull \vbox (12.89957pt too high) has occurred while \output is active []


[39]
File: Bilder/models/model_comparison/tensorboards/faster_rcnn_inception_resnet_
v2_640x640_coco17_tpu-8.png Graphic file (type bmp)
<Bilder/models/model_comparison/tensorboards/faster_rcnn_inception_resnet_v2_64
0x640_coco17_tpu-8.png>
File: Bilder/models/model_comparison/tensorboards/faster_rcnn_resnet50_v1_640x6
40_coco17_tpu-8.png Graphic file (type bmp)
<Bilder/models/model_comparison/tensorboards/faster_rcnn_resnet50_v1_640x640_co
co17_tpu-8.png>
 [40]
File: Bilder/models/model_comparison/tensorboards/faster_rcnn_resnet101_v1_640x
640_coco17_tpu-8.png Graphic file (type bmp)
<Bilder/models/model_comparison/tensorboards/faster_rcnn_resnet101_v1_640x640_c
oco17_tpu-8.png>
 [41]
File: Bilder/models/model_comparison/tensorboards/ssd_mobilenet_v1_fpn_640x640_
coco17_tpu-8.png Graphic file (type bmp)
<Bilder/models/model_comparison/tensorboards/ssd_mobilenet_v1_fpn_640x640_coco1
7_tpu-8.png>
 [42]
File: Bilder/models/model_comparison/tensorboards/ssd_mobilenet_v2_fpnlite_640x
640_coco17_tpu-8.png Graphic file (type bmp)
<Bilder/models/model_comparison/tensorboards/ssd_mobilenet_v2_fpnlite_640x640_c
oco17_tpu-8.png>
 [43]
File: Bilder/models/model_comparison/tensorboards/ssd_resnet50_v1_fpn_640x640_c
oco17_tpu-8.png Graphic file (type bmp)
<Bilder/models/model_comparison/tensorboards/ssd_resnet50_v1_fpn_640x640_coco17
_tpu-8.png>
 [44]
File: Bilder/models/model_comparison/tensorboards/ssd_resnet101_v1_fpn_640x640_
coco17_tpu-8.png Graphic file (type bmp)
<Bilder/models/model_comparison/tensorboards/ssd_resnet101_v1_fpn_640x640_coco1
7_tpu-8.png>
 [45]
File: Bilder/models/model_comparison/images-to-detect/trained_1.jpg Graphic fil
e (type bmp)
<Bilder/models/model_comparison/images-to-detect/trained_1.jpg>
 [46]
File: Bilder/models/model_comparison/images-to-detect/trained_2.jpg Graphic fil
e (type bmp)
<Bilder/models/model_comparison/images-to-detect/trained_2.jpg>
 [47]
File: Bilder/models/model_comparison/images-to-detect/trained_3.jpg Graphic fil
e (type bmp)
<Bilder/models/model_comparison/images-to-detect/trained_3.jpg>
 [48]
File: Bilder/models/model_comparison/images-to-detect/non_trained_1.jpg Graphic
 file (type bmp)
<Bilder/models/model_comparison/images-to-detect/non_trained_1.jpg>
 [49]
File: Bilder/models/model_comparison/images-to-detect/non_trained_2.jpg Graphic
 file (type bmp)
<Bilder/models/model_comparison/images-to-detect/non_trained_2.jpg>
 [50]
File: Bilder/models/model_comparison/images-to-detect/non_trained_3.jpg Graphic
 file (type bmp)
<Bilder/models/model_comparison/images-to-detect/non_trained_3.jpg>
 [51]
File: Bilder/models/model_comparison/images-to-detect/HD_on_white.jpg Graphic f
ile (type bmp)
<Bilder/models/model_comparison/images-to-detect/HD_on_white.jpg>
 [52]
File: Bilder/models/model_comparison/images-to-detect/HD_on_doormat.jpg Graphic
 file (type bmp)
<Bilder/models/model_comparison/images-to-detect/HD_on_doormat.jpg>
 [53]
File: Bilder/models/model_comparison/images-to-detect/HD_on_granite.jpg Graphic
 file (type bmp)
<Bilder/models/model_comparison/images-to-detect/HD_on_granite.jpg>

[54]
File: Bilder/models/model_comparison/images-to-detect/HD_on_marble.jpg Graphic 
file (type bmp)
<Bilder/models/model_comparison/images-to-detect/HD_on_marble.jpg>
 [55]
File: Bilder/models/model_comparison/images-to-detect/HD_on_wood.jpg Graphic fi
le (type bmp)
<Bilder/models/model_comparison/images-to-detect/HD_on_wood.jpg>
 [56]
File: Bilder/models/model_comparison/efficientdet_d1_coco17_tpu-32/trained_1.jp
g Graphic file (type bmp)
<Bilder/models/model_comparison/efficientdet_d1_coco17_tpu-32/trained_1.jpg>
 [57]
File: Bilder/models/model_comparison/efficientdet_d1_coco17_tpu-32/trained_2.jp
g Graphic file (type bmp)
<Bilder/models/model_comparison/efficientdet_d1_coco17_tpu-32/trained_2.jpg>
 [58]
File: Bilder/models/model_comparison/efficientdet_d1_coco17_tpu-32/trained_3.jp
g Graphic file (type bmp)
<Bilder/models/model_comparison/efficientdet_d1_coco17_tpu-32/trained_3.jpg>
 [59]
File: Bilder/models/model_comparison/efficientdet_d1_coco17_tpu-32/non_trained_
1.jpg Graphic file (type bmp)
<Bilder/models/model_comparison/efficientdet_d1_coco17_tpu-32/non_trained_1.jpg
>
 [60]
File: Bilder/models/model_comparison/efficientdet_d1_coco17_tpu-32/non_trained_
2.jpg Graphic file (type bmp)
<Bilder/models/model_comparison/efficientdet_d1_coco17_tpu-32/non_trained_2.jpg
>
 [61]
File: Bilder/models/model_comparison/efficientdet_d1_coco17_tpu-32/non_trained_
3.jpg Graphic file (type bmp)
<Bilder/models/model_comparison/efficientdet_d1_coco17_tpu-32/non_trained_3.jpg
>
 [62]
File: Bilder/models/model_comparison/efficientdet_d1_coco17_tpu-32/HD_on_white.
jpg Graphic file (type bmp)
<Bilder/models/model_comparison/efficientdet_d1_coco17_tpu-32/HD_on_white.jpg>
 [63]
File: Bilder/models/model_comparison/efficientdet_d1_coco17_tpu-32/HD_on_doorma
t.jpg Graphic file (type bmp)
<Bilder/models/model_comparison/efficientdet_d1_coco17_tpu-32/HD_on_doormat.jpg
>
 [64]
File: Bilder/models/model_comparison/efficientdet_d1_coco17_tpu-32/HD_on_granit
e.jpg Graphic file (type bmp)
<Bilder/models/model_comparison/efficientdet_d1_coco17_tpu-32/HD_on_granite.jpg
>
 [65]
File: Bilder/models/model_comparison/efficientdet_d1_coco17_tpu-32/HD_on_marble
.jpg Graphic file (type bmp)
<Bilder/models/model_comparison/efficientdet_d1_coco17_tpu-32/HD_on_marble.jpg>

 [66]
File: Bilder/models/model_comparison/efficientdet_d1_coco17_tpu-32/HD_on_wood.j
pg Graphic file (type bmp)
<Bilder/models/model_comparison/efficientdet_d1_coco17_tpu-32/HD_on_wood.jpg>
 [67]
File: Bilder/models/model_comparison/faster_rcnn_inception_resnet_v2_640x640_co
co17_tpu-8/trained_1.jpg Graphic file (type bmp)
<Bilder/models/model_comparison/faster_rcnn_inception_resnet_v2_640x640_coco17_
tpu-8/trained_1.jpg>
 [68]
File: Bilder/models/model_comparison/faster_rcnn_inception_resnet_v2_640x640_co
co17_tpu-8/trained_2.jpg Graphic file (type bmp)
<Bilder/models/model_comparison/faster_rcnn_inception_resnet_v2_640x640_coco17_
tpu-8/trained_2.jpg>

[69]
File: Bilder/models/model_comparison/faster_rcnn_inception_resnet_v2_640x640_co
co17_tpu-8/trained_3.jpg Graphic file (type bmp)
<Bilder/models/model_comparison/faster_rcnn_inception_resnet_v2_640x640_coco17_
tpu-8/trained_3.jpg>
 [70]
File: Bilder/models/model_comparison/faster_rcnn_inception_resnet_v2_640x640_co
co17_tpu-8/non_trained_1.jpg Graphic file (type bmp)
<Bilder/models/model_comparison/faster_rcnn_inception_resnet_v2_640x640_coco17_
tpu-8/non_trained_1.jpg>
 [71]
File: Bilder/models/model_comparison/faster_rcnn_inception_resnet_v2_640x640_co
co17_tpu-8/non_trained_2.jpg Graphic file (type bmp)
<Bilder/models/model_comparison/faster_rcnn_inception_resnet_v2_640x640_coco17_
tpu-8/non_trained_2.jpg>
 [72]
File: Bilder/models/model_comparison/faster_rcnn_inception_resnet_v2_640x640_co
co17_tpu-8/non_trained_3.jpg Graphic file (type bmp)
<Bilder/models/model_comparison/faster_rcnn_inception_resnet_v2_640x640_coco17_
tpu-8/non_trained_3.jpg>
 [73]
File: Bilder/models/model_comparison/faster_rcnn_inception_resnet_v2_640x640_co
co17_tpu-8/HD_on_white.jpg Graphic file (type bmp)
<Bilder/models/model_comparison/faster_rcnn_inception_resnet_v2_640x640_coco17_
tpu-8/HD_on_white.jpg>
 [74]
File: Bilder/models/model_comparison/faster_rcnn_inception_resnet_v2_640x640_co
co17_tpu-8/HD_on_doormat.jpg Graphic file (type bmp)
<Bilder/models/model_comparison/faster_rcnn_inception_resnet_v2_640x640_coco17_
tpu-8/HD_on_doormat.jpg>
 [75]
File: Bilder/models/model_comparison/faster_rcnn_inception_resnet_v2_640x640_co
co17_tpu-8/HD_on_granite.jpg Graphic file (type bmp)
<Bilder/models/model_comparison/faster_rcnn_inception_resnet_v2_640x640_coco17_
tpu-8/HD_on_granite.jpg>
 [76]
File: Bilder/models/model_comparison/faster_rcnn_inception_resnet_v2_640x640_co
co17_tpu-8/HD_on_marble.jpg Graphic file (type bmp)
<Bilder/models/model_comparison/faster_rcnn_inception_resnet_v2_640x640_coco17_
tpu-8/HD_on_marble.jpg>
 [77]
File: Bilder/models/model_comparison/faster_rcnn_inception_resnet_v2_640x640_co
co17_tpu-8/HD_on_wood.jpg Graphic file (type bmp)
<Bilder/models/model_comparison/faster_rcnn_inception_resnet_v2_640x640_coco17_
tpu-8/HD_on_wood.jpg>
 [78]
File: Bilder/models/model_comparison/faster_rcnn_resnet50_v1_640x640_coco17_tpu
-8/trained_1.jpg Graphic file (type bmp)
<Bilder/models/model_comparison/faster_rcnn_resnet50_v1_640x640_coco17_tpu-8/tr
ained_1.jpg>
 [79]
File: Bilder/models/model_comparison/faster_rcnn_resnet50_v1_640x640_coco17_tpu
-8/trained_2.jpg Graphic file (type bmp)
<Bilder/models/model_comparison/faster_rcnn_resnet50_v1_640x640_coco17_tpu-8/tr
ained_2.jpg>
 [80]
File: Bilder/models/model_comparison/faster_rcnn_resnet50_v1_640x640_coco17_tpu
-8/trained_3.jpg Graphic file (type bmp)
<Bilder/models/model_comparison/faster_rcnn_resnet50_v1_640x640_coco17_tpu-8/tr
ained_3.jpg>
 [81]
File: Bilder/models/model_comparison/faster_rcnn_resnet50_v1_640x640_coco17_tpu
-8/non_trained_1.jpg Graphic file (type bmp)
<Bilder/models/model_comparison/faster_rcnn_resnet50_v1_640x640_coco17_tpu-8/no
n_trained_1.jpg>
 [82]
File: Bilder/models/model_comparison/faster_rcnn_resnet50_v1_640x640_coco17_tpu
-8/non_trained_2.jpg Graphic file (type bmp)
<Bilder/models/model_comparison/faster_rcnn_resnet50_v1_640x640_coco17_tpu-8/no
n_trained_2.jpg>
 [83]
File: Bilder/models/model_comparison/faster_rcnn_resnet50_v1_640x640_coco17_tpu
-8/non_trained_3.jpg Graphic file (type bmp)
<Bilder/models/model_comparison/faster_rcnn_resnet50_v1_640x640_coco17_tpu-8/no
n_trained_3.jpg>

[84]
File: Bilder/models/model_comparison/faster_rcnn_resnet50_v1_640x640_coco17_tpu
-8/HD_on_white.jpg Graphic file (type bmp)
<Bilder/models/model_comparison/faster_rcnn_resnet50_v1_640x640_coco17_tpu-8/HD
_on_white.jpg>
 [85]
File: Bilder/models/model_comparison/faster_rcnn_resnet50_v1_640x640_coco17_tpu
-8/HD_on_doormat.jpg Graphic file (type bmp)
<Bilder/models/model_comparison/faster_rcnn_resnet50_v1_640x640_coco17_tpu-8/HD
_on_doormat.jpg>
 [86]
File: Bilder/models/model_comparison/faster_rcnn_resnet50_v1_640x640_coco17_tpu
-8/HD_on_granite.jpg Graphic file (type bmp)
<Bilder/models/model_comparison/faster_rcnn_resnet50_v1_640x640_coco17_tpu-8/HD
_on_granite.jpg>
 [87]
File: Bilder/models/model_comparison/faster_rcnn_resnet50_v1_640x640_coco17_tpu
-8/HD_on_marble.jpg Graphic file (type bmp)
<Bilder/models/model_comparison/faster_rcnn_resnet50_v1_640x640_coco17_tpu-8/HD
_on_marble.jpg>
 [88]
File: Bilder/models/model_comparison/faster_rcnn_resnet50_v1_640x640_coco17_tpu
-8/HD_on_wood.jpg Graphic file (type bmp)
<Bilder/models/model_comparison/faster_rcnn_resnet50_v1_640x640_coco17_tpu-8/HD
_on_wood.jpg>
 [89]
File: Bilder/models/model_comparison/faster_rcnn_resnet101_v1_640x640_coco17_tp
u-8/trained_1.jpg Graphic file (type bmp)
<Bilder/models/model_comparison/faster_rcnn_resnet101_v1_640x640_coco17_tpu-8/t
rained_1.jpg>
 [90]
File: Bilder/models/model_comparison/faster_rcnn_resnet101_v1_640x640_coco17_tp
u-8/trained_2.jpg Graphic file (type bmp)
<Bilder/models/model_comparison/faster_rcnn_resnet101_v1_640x640_coco17_tpu-8/t
rained_2.jpg>
 [91]
File: Bilder/models/model_comparison/faster_rcnn_resnet101_v1_640x640_coco17_tp
u-8/trained_3.jpg Graphic file (type bmp)
<Bilder/models/model_comparison/faster_rcnn_resnet101_v1_640x640_coco17_tpu-8/t
rained_3.jpg>
 [92]
File: Bilder/models/model_comparison/faster_rcnn_resnet101_v1_640x640_coco17_tp
u-8/non_trained_1.jpg Graphic file (type bmp)
<Bilder/models/model_comparison/faster_rcnn_resnet101_v1_640x640_coco17_tpu-8/n
on_trained_1.jpg>
 [93]
File: Bilder/models/model_comparison/faster_rcnn_resnet101_v1_640x640_coco17_tp
u-8/non_trained_2.jpg Graphic file (type bmp)
<Bilder/models/model_comparison/faster_rcnn_resnet101_v1_640x640_coco17_tpu-8/n
on_trained_2.jpg>
 [94]
File: Bilder/models/model_comparison/faster_rcnn_resnet101_v1_640x640_coco17_tp
u-8/non_trained_3.jpg Graphic file (type bmp)
<Bilder/models/model_comparison/faster_rcnn_resnet101_v1_640x640_coco17_tpu-8/n
on_trained_3.jpg>
 [95]
File: Bilder/models/model_comparison/faster_rcnn_resnet101_v1_640x640_coco17_tp
u-8/HD_on_white.jpg Graphic file (type bmp)
<Bilder/models/model_comparison/faster_rcnn_resnet101_v1_640x640_coco17_tpu-8/H
D_on_white.jpg>
 [96]
File: Bilder/models/model_comparison/faster_rcnn_resnet101_v1_640x640_coco17_tp
u-8/HD_on_doormat.jpg Graphic file (type bmp)
<Bilder/models/model_comparison/faster_rcnn_resnet101_v1_640x640_coco17_tpu-8/H
D_on_doormat.jpg>
 [97]
File: Bilder/models/model_comparison/faster_rcnn_resnet101_v1_640x640_coco17_tp
u-8/HD_on_granite.jpg Graphic file (type bmp)
<Bilder/models/model_comparison/faster_rcnn_resnet101_v1_640x640_coco17_tpu-8/H
D_on_granite.jpg>
 [98]
File: Bilder/models/model_comparison/faster_rcnn_resnet101_v1_640x640_coco17_tp
u-8/HD_on_marble.jpg Graphic file (type bmp)
<Bilder/models/model_comparison/faster_rcnn_resnet101_v1_640x640_coco17_tpu-8/H
D_on_marble.jpg>

[99]
File: Bilder/models/model_comparison/faster_rcnn_resnet101_v1_640x640_coco17_tp
u-8/HD_on_wood.jpg Graphic file (type bmp)
<Bilder/models/model_comparison/faster_rcnn_resnet101_v1_640x640_coco17_tpu-8/H
D_on_wood.jpg>
 [100]
File: Bilder/models/model_comparison/ssd_mobilenet_v1_fpn_640x640_coco17_tpu-8/
trained_1.jpg Graphic file (type bmp)
<Bilder/models/model_comparison/ssd_mobilenet_v1_fpn_640x640_coco17_tpu-8/train
ed_1.jpg>
 [101]
File: Bilder/models/model_comparison/ssd_mobilenet_v1_fpn_640x640_coco17_tpu-8/
trained_2.jpg Graphic file (type bmp)
<Bilder/models/model_comparison/ssd_mobilenet_v1_fpn_640x640_coco17_tpu-8/train
ed_2.jpg>
 [102]
File: Bilder/models/model_comparison/ssd_mobilenet_v1_fpn_640x640_coco17_tpu-8/
trained_3.jpg Graphic file (type bmp)
<Bilder/models/model_comparison/ssd_mobilenet_v1_fpn_640x640_coco17_tpu-8/train
ed_3.jpg>
 [103]
File: Bilder/models/model_comparison/ssd_mobilenet_v1_fpn_640x640_coco17_tpu-8/
non_trained_1.jpg Graphic file (type bmp)
<Bilder/models/model_comparison/ssd_mobilenet_v1_fpn_640x640_coco17_tpu-8/non_t
rained_1.jpg>
 [104]
File: Bilder/models/model_comparison/ssd_mobilenet_v1_fpn_640x640_coco17_tpu-8/
non_trained_2.jpg Graphic file (type bmp)
<Bilder/models/model_comparison/ssd_mobilenet_v1_fpn_640x640_coco17_tpu-8/non_t
rained_2.jpg>
 [105]
File: Bilder/models/model_comparison/ssd_mobilenet_v1_fpn_640x640_coco17_tpu-8/
non_trained_3.jpg Graphic file (type bmp)
<Bilder/models/model_comparison/ssd_mobilenet_v1_fpn_640x640_coco17_tpu-8/non_t
rained_3.jpg>
 [106]
File: Bilder/models/model_comparison/ssd_mobilenet_v1_fpn_640x640_coco17_tpu-8/
HD_on_white.jpg Graphic file (type bmp)
<Bilder/models/model_comparison/ssd_mobilenet_v1_fpn_640x640_coco17_tpu-8/HD_on
_white.jpg>
 [107]
File: Bilder/models/model_comparison/ssd_mobilenet_v1_fpn_640x640_coco17_tpu-8/
HD_on_doormat.jpg Graphic file (type bmp)
<Bilder/models/model_comparison/ssd_mobilenet_v1_fpn_640x640_coco17_tpu-8/HD_on
_doormat.jpg>
 [108]
File: Bilder/models/model_comparison/ssd_mobilenet_v1_fpn_640x640_coco17_tpu-8/
HD_on_granite.jpg Graphic file (type bmp)
<Bilder/models/model_comparison/ssd_mobilenet_v1_fpn_640x640_coco17_tpu-8/HD_on
_granite.jpg>
 [109]
File: Bilder/models/model_comparison/ssd_mobilenet_v1_fpn_640x640_coco17_tpu-8/
HD_on_marble.jpg Graphic file (type bmp)
<Bilder/models/model_comparison/ssd_mobilenet_v1_fpn_640x640_coco17_tpu-8/HD_on
_marble.jpg>
 [110]
File: Bilder/models/model_comparison/ssd_mobilenet_v1_fpn_640x640_coco17_tpu-8/
HD_on_wood.jpg Graphic file (type bmp)
<Bilder/models/model_comparison/ssd_mobilenet_v1_fpn_640x640_coco17_tpu-8/HD_on
_wood.jpg>
 [111]
File: Bilder/models/model_comparison/ssd_mobilenet_v2_fpnlite_640x640_coco17_tp
u-8/trained_1.jpg Graphic file (type bmp)
<Bilder/models/model_comparison/ssd_mobilenet_v2_fpnlite_640x640_coco17_tpu-8/t
rained_1.jpg>

[112]
File: Bilder/models/model_comparison/ssd_mobilenet_v2_fpnlite_640x640_coco17_tp
u-8/trained_2.jpg Graphic file (type bmp)
<Bilder/models/model_comparison/ssd_mobilenet_v2_fpnlite_640x640_coco17_tpu-8/t
rained_2.jpg>
 [113]
File: Bilder/models/model_comparison/ssd_mobilenet_v2_fpnlite_640x640_coco17_tp
u-8/trained_3.jpg Graphic file (type bmp)
<Bilder/models/model_comparison/ssd_mobilenet_v2_fpnlite_640x640_coco17_tpu-8/t
rained_3.jpg>
 [114]
File: Bilder/models/model_comparison/ssd_mobilenet_v2_fpnlite_640x640_coco17_tp
u-8/non_trained_1.jpg Graphic file (type bmp)
<Bilder/models/model_comparison/ssd_mobilenet_v2_fpnlite_640x640_coco17_tpu-8/n
on_trained_1.jpg>
 [115]
File: Bilder/models/model_comparison/ssd_mobilenet_v2_fpnlite_640x640_coco17_tp
u-8/non_trained_2.jpg Graphic file (type bmp)
<Bilder/models/model_comparison/ssd_mobilenet_v2_fpnlite_640x640_coco17_tpu-8/n
on_trained_2.jpg>
 [116]
File: Bilder/models/model_comparison/ssd_mobilenet_v2_fpnlite_640x640_coco17_tp
u-8/non_trained_3.jpg Graphic file (type bmp)
<Bilder/models/model_comparison/ssd_mobilenet_v2_fpnlite_640x640_coco17_tpu-8/n
on_trained_3.jpg>
 [117]
File: Bilder/models/model_comparison/ssd_mobilenet_v2_fpnlite_640x640_coco17_tp
u-8/HD_on_white.jpg Graphic file (type bmp)
<Bilder/models/model_comparison/ssd_mobilenet_v2_fpnlite_640x640_coco17_tpu-8/H
D_on_white.jpg>
 [118]
File: Bilder/models/model_comparison/ssd_mobilenet_v2_fpnlite_640x640_coco17_tp
u-8/HD_on_doormat.jpg Graphic file (type bmp)
<Bilder/models/model_comparison/ssd_mobilenet_v2_fpnlite_640x640_coco17_tpu-8/H
D_on_doormat.jpg>
 [119]
File: Bilder/models/model_comparison/ssd_mobilenet_v2_fpnlite_640x640_coco17_tp
u-8/HD_on_granite.jpg Graphic file (type bmp)
<Bilder/models/model_comparison/ssd_mobilenet_v2_fpnlite_640x640_coco17_tpu-8/H
D_on_granite.jpg>
 [120]
File: Bilder/models/model_comparison/ssd_mobilenet_v2_fpnlite_640x640_coco17_tp
u-8/HD_on_marble.jpg Graphic file (type bmp)
<Bilder/models/model_comparison/ssd_mobilenet_v2_fpnlite_640x640_coco17_tpu-8/H
D_on_marble.jpg>
 [121]
File: Bilder/models/model_comparison/ssd_mobilenet_v2_fpnlite_640x640_coco17_tp
u-8/HD_on_wood.jpg Graphic file (type bmp)
<Bilder/models/model_comparison/ssd_mobilenet_v2_fpnlite_640x640_coco17_tpu-8/H
D_on_wood.jpg>
 [122]
File: Bilder/models/model_comparison/ssd_resnet50_v1_fpn_640x640_coco17_tpu-8/t
rained_1.jpg Graphic file (type bmp)
<Bilder/models/model_comparison/ssd_resnet50_v1_fpn_640x640_coco17_tpu-8/traine
d_1.jpg>
 [123]
File: Bilder/models/model_comparison/ssd_resnet50_v1_fpn_640x640_coco17_tpu-8/t
rained_2.jpg Graphic file (type bmp)
<Bilder/models/model_comparison/ssd_resnet50_v1_fpn_640x640_coco17_tpu-8/traine
d_2.jpg>

[124]
File: Bilder/models/model_comparison/ssd_resnet50_v1_fpn_640x640_coco17_tpu-8/t
rained_3.jpg Graphic file (type bmp)
<Bilder/models/model_comparison/ssd_resnet50_v1_fpn_640x640_coco17_tpu-8/traine
d_3.jpg>
 [125]
File: Bilder/models/model_comparison/ssd_resnet50_v1_fpn_640x640_coco17_tpu-8/n
on_trained_1.jpg Graphic file (type bmp)
<Bilder/models/model_comparison/ssd_resnet50_v1_fpn_640x640_coco17_tpu-8/non_tr
ained_1.jpg>
 [126]
File: Bilder/models/model_comparison/ssd_resnet50_v1_fpn_640x640_coco17_tpu-8/n
on_trained_2.jpg Graphic file (type bmp)
<Bilder/models/model_comparison/ssd_resnet50_v1_fpn_640x640_coco17_tpu-8/non_tr
ained_2.jpg>
 [127]
File: Bilder/models/model_comparison/ssd_resnet50_v1_fpn_640x640_coco17_tpu-8/n
on_trained_3.jpg Graphic file (type bmp)
<Bilder/models/model_comparison/ssd_resnet50_v1_fpn_640x640_coco17_tpu-8/non_tr
ained_3.jpg>
 [128]
File: Bilder/models/model_comparison/ssd_resnet50_v1_fpn_640x640_coco17_tpu-8/H
D_on_white.jpg Graphic file (type bmp)
<Bilder/models/model_comparison/ssd_resnet50_v1_fpn_640x640_coco17_tpu-8/HD_on_
white.jpg>
 [129]
File: Bilder/models/model_comparison/ssd_resnet50_v1_fpn_640x640_coco17_tpu-8/H
D_on_doormat.jpg Graphic file (type bmp)
<Bilder/models/model_comparison/ssd_resnet50_v1_fpn_640x640_coco17_tpu-8/HD_on_
doormat.jpg>
 [130]
File: Bilder/models/model_comparison/ssd_resnet50_v1_fpn_640x640_coco17_tpu-8/H
D_on_granite.jpg Graphic file (type bmp)
<Bilder/models/model_comparison/ssd_resnet50_v1_fpn_640x640_coco17_tpu-8/HD_on_
granite.jpg>
 [131]
File: Bilder/models/model_comparison/ssd_resnet50_v1_fpn_640x640_coco17_tpu-8/H
D_on_marble.jpg Graphic file (type bmp)
<Bilder/models/model_comparison/ssd_resnet50_v1_fpn_640x640_coco17_tpu-8/HD_on_
marble.jpg>
 [132]
File: Bilder/models/model_comparison/ssd_resnet50_v1_fpn_640x640_coco17_tpu-8/H
D_on_wood.jpg Graphic file (type bmp)
<Bilder/models/model_comparison/ssd_resnet50_v1_fpn_640x640_coco17_tpu-8/HD_on_
wood.jpg>
 [133]
File: Bilder/models/model_comparison/ssd_resnet101_v1_fpn_640x640_coco17_tpu-8/
trained_1.jpg Graphic file (type bmp)
<Bilder/models/model_comparison/ssd_resnet101_v1_fpn_640x640_coco17_tpu-8/train
ed_1.jpg>
 [134]
File: Bilder/models/model_comparison/ssd_resnet101_v1_fpn_640x640_coco17_tpu-8/
trained_2.jpg Graphic file (type bmp)
<Bilder/models/model_comparison/ssd_resnet101_v1_fpn_640x640_coco17_tpu-8/train
ed_2.jpg>
 [135]
File: Bilder/models/model_comparison/ssd_resnet101_v1_fpn_640x640_coco17_tpu-8/
trained_3.jpg Graphic file (type bmp)
<Bilder/models/model_comparison/ssd_resnet101_v1_fpn_640x640_coco17_tpu-8/train
ed_3.jpg>

[136]
File: Bilder/models/model_comparison/ssd_resnet101_v1_fpn_640x640_coco17_tpu-8/
non_trained_1.jpg Graphic file (type bmp)
<Bilder/models/model_comparison/ssd_resnet101_v1_fpn_640x640_coco17_tpu-8/non_t
rained_1.jpg>
 [137]
File: Bilder/models/model_comparison/ssd_resnet101_v1_fpn_640x640_coco17_tpu-8/
non_trained_2.jpg Graphic file (type bmp)
<Bilder/models/model_comparison/ssd_resnet101_v1_fpn_640x640_coco17_tpu-8/non_t
rained_2.jpg>
 [138]
File: Bilder/models/model_comparison/ssd_resnet101_v1_fpn_640x640_coco17_tpu-8/
non_trained_3.jpg Graphic file (type bmp)
<Bilder/models/model_comparison/ssd_resnet101_v1_fpn_640x640_coco17_tpu-8/non_t
rained_3.jpg>
 [139]
File: Bilder/models/model_comparison/ssd_resnet101_v1_fpn_640x640_coco17_tpu-8/
HD_on_white.jpg Graphic file (type bmp)
<Bilder/models/model_comparison/ssd_resnet101_v1_fpn_640x640_coco17_tpu-8/HD_on
_white.jpg>
 [140]
File: Bilder/models/model_comparison/ssd_resnet101_v1_fpn_640x640_coco17_tpu-8/
HD_on_doormat.jpg Graphic file (type bmp)
<Bilder/models/model_comparison/ssd_resnet101_v1_fpn_640x640_coco17_tpu-8/HD_on
_doormat.jpg>
 [141]
File: Bilder/models/model_comparison/ssd_resnet101_v1_fpn_640x640_coco17_tpu-8/
HD_on_granite.jpg Graphic file (type bmp)
<Bilder/models/model_comparison/ssd_resnet101_v1_fpn_640x640_coco17_tpu-8/HD_on
_granite.jpg>
 [142]
File: Bilder/models/model_comparison/ssd_resnet101_v1_fpn_640x640_coco17_tpu-8/
HD_on_marble.jpg Graphic file (type bmp)
<Bilder/models/model_comparison/ssd_resnet101_v1_fpn_640x640_coco17_tpu-8/HD_on
_marble.jpg>
 [143]
File: Bilder/models/model_comparison/ssd_resnet101_v1_fpn_640x640_coco17_tpu-8/
HD_on_wood.jpg Graphic file (type bmp)
<Bilder/models/model_comparison/ssd_resnet101_v1_fpn_640x640_coco17_tpu-8/HD_on
_wood.jpg>
 [144]) (./Erklaerung.tex
[145] [146])
Underfull \hbox (badness 10000) in paragraph at lines 6--935

 []

Package atveryend Info: Empty hook `BeforeClearDocument' on input line 936.
[147]
Package atveryend Info: Empty hook `AfterLastShipout' on input line 936.
 (./main.aux)
Package atveryend Info: Empty hook `AtVeryEndDocument' on input line 936.
Package atveryend Info: Executing hook `AtEndAfterFileList' on input line 936.
Package rerunfilecheck Info: File `main.out' has not changed.
(rerunfilecheck)             Checksum: 67DCEA20145B6C0BC3122525B102F3EB;3741.
runsystem(rm main.pyg)...executed.

Package logreq Info: Writing requests to 'main.run.xml'.
\openout1 = `main.run.xml'.

 ) 
Here is how much of TeX's memory you used:
 27627 strings out of 479819
 574192 string characters out of 5895845
 1317327 words of memory out of 5000000
 44141 multiletter control sequences out of 15000+600000
 535610 words of font info for 56 fonts, out of 8000000 for 9000
 1350 hyphenation exceptions out of 8191
 46i,13n,52p,1156b,5590s stack positions out of 5000i,500n,10000p,200000b,80000s

Output written on main.pdf (157 pages).
